[2025-02-28T08:32:24.507+0000] {manager.py:487} INFO - Processing files using up to 2 processes at a time 
[2025-02-28T08:32:24.508+0000] {manager.py:488} INFO - Process each file at most once every 30 seconds
[2025-02-28T08:32:24.509+0000] {manager.py:489} INFO - Checking for new files in /opt/airflow/dags every 300 seconds
[2025-02-28T08:32:24.509+0000] {manager.py:759} INFO - Searching for files in /opt/airflow/dags
[2025-02-28T08:32:24.521+0000] {manager.py:762} INFO - There are 0 files in /opt/airflow/dags
[2025-02-28T08:37:24.886+0000] {manager.py:759} INFO - Searching for files in /opt/airflow/dags
[2025-02-28T08:37:24.890+0000] {manager.py:762} INFO - There are 0 files in /opt/airflow/dags
[2025-02-28T08:42:25.380+0000] {manager.py:759} INFO - Searching for files in /opt/airflow/dags
[2025-02-28T08:42:25.382+0000] {manager.py:762} INFO - There are 0 files in /opt/airflow/dags
[2025-02-28T08:47:25.899+0000] {manager.py:759} INFO - Searching for files in /opt/airflow/dags
[2025-02-28T08:47:25.902+0000] {manager.py:762} INFO - There are 0 files in /opt/airflow/dags
[2025-02-28T08:52:26.490+0000] {manager.py:759} INFO - Searching for files in /opt/airflow/dags
[2025-02-28T08:52:26.496+0000] {manager.py:762} INFO - There are 0 files in /opt/airflow/dags
[2025-02-28T08:57:26.951+0000] {manager.py:759} INFO - Searching for files in /opt/airflow/dags
[2025-02-28T08:57:26.956+0000] {manager.py:762} INFO - There are 0 files in /opt/airflow/dags
[2025-02-28T09:02:27.214+0000] {manager.py:759} INFO - Searching for files in /opt/airflow/dags
[2025-02-28T09:02:27.217+0000] {manager.py:762} INFO - There are 1 files in /opt/airflow/dags
[2025-02-28T09:02:39.364+0000] {manager.py:893} INFO - 
================================================================================
DAG File Processing Stats

File Path                    PID    Runtime      # DAGs    # Errors  Last Runtime    Last Run
---------------------------  -----  ---------  --------  ----------  --------------  -------------------
/opt/airflow/dags/ingest.py                           1           0  0.53s           2025-02-28T09:02:27
================================================================================
[2025-02-28T09:03:09.584+0000] {manager.py:893} INFO - 
================================================================================
DAG File Processing Stats

File Path                    PID    Runtime      # DAGs    # Errors  Last Runtime    Last Run
---------------------------  -----  ---------  --------  ----------  --------------  -------------------
/opt/airflow/dags/ingest.py                           1           0  0.07s           2025-02-28T09:02:56
================================================================================
[2025-02-28T09:03:39.873+0000] {manager.py:893} INFO - 
================================================================================
DAG File Processing Stats

File Path                    PID    Runtime      # DAGs    # Errors  Last Runtime    Last Run
---------------------------  -----  ---------  --------  ----------  --------------  -------------------
/opt/airflow/dags/ingest.py                           1           0  0.10s           2025-02-28T09:03:26
================================================================================
[2025-02-28T09:04:10.133+0000] {manager.py:893} INFO - 
================================================================================
DAG File Processing Stats

File Path                    PID    Runtime      # DAGs    # Errors  Last Runtime    Last Run
---------------------------  -----  ---------  --------  ----------  --------------  -------------------
/opt/airflow/dags/ingest.py                           1           0  0.08s           2025-02-28T09:03:57
================================================================================
[2025-02-28T09:04:40.370+0000] {manager.py:893} INFO - 
================================================================================
DAG File Processing Stats

File Path                    PID    Runtime      # DAGs    # Errors  Last Runtime    Last Run
---------------------------  -----  ---------  --------  ----------  --------------  -------------------
/opt/airflow/dags/ingest.py                           1           0  0.09s           2025-02-28T09:04:27
================================================================================
[2025-02-28T09:05:10.658+0000] {manager.py:893} INFO - 
================================================================================
DAG File Processing Stats

File Path                    PID    Runtime      # DAGs    # Errors  Last Runtime    Last Run
---------------------------  -----  ---------  --------  ----------  --------------  -------------------
/opt/airflow/dags/ingest.py                           1           0  0.24s           2025-02-28T09:04:57
================================================================================
[2025-02-28T09:05:40.865+0000] {manager.py:893} INFO - 
================================================================================
DAG File Processing Stats

File Path                    PID    Runtime      # DAGs    # Errors  Last Runtime    Last Run
---------------------------  -----  ---------  --------  ----------  --------------  -------------------
/opt/airflow/dags/ingest.py                           1           0  0.18s           2025-02-28T09:05:27
================================================================================
[2025-02-28T09:06:11.097+0000] {manager.py:893} INFO - 
================================================================================
DAG File Processing Stats

File Path                    PID    Runtime      # DAGs    # Errors  Last Runtime    Last Run
---------------------------  -----  ---------  --------  ----------  --------------  -------------------
/opt/airflow/dags/ingest.py                           1           0  0.08s           2025-02-28T09:05:58
================================================================================
[2025-02-28T09:06:41.358+0000] {manager.py:893} INFO - 
================================================================================
DAG File Processing Stats

File Path                    PID    Runtime      # DAGs    # Errors  Last Runtime    Last Run
---------------------------  -----  ---------  --------  ----------  --------------  -------------------
/opt/airflow/dags/ingest.py                           1           0  0.10s           2025-02-28T09:06:28
================================================================================
[2025-02-28T09:07:11.650+0000] {manager.py:893} INFO - 
================================================================================
DAG File Processing Stats

File Path                    PID    Runtime      # DAGs    # Errors  Last Runtime    Last Run
---------------------------  -----  ---------  --------  ----------  --------------  -------------------
/opt/airflow/dags/ingest.py                           1           0  0.08s           2025-02-28T09:06:58
================================================================================
[2025-02-28T09:07:27.779+0000] {manager.py:759} INFO - Searching for files in /opt/airflow/dags
[2025-02-28T09:07:27.786+0000] {manager.py:762} INFO - There are 1 files in /opt/airflow/dags
[2025-02-28T09:07:41.941+0000] {manager.py:893} INFO - 
================================================================================
DAG File Processing Stats

File Path                    PID    Runtime      # DAGs    # Errors  Last Runtime    Last Run
---------------------------  -----  ---------  --------  ----------  --------------  -------------------
/opt/airflow/dags/ingest.py                           1           0  0.11s           2025-02-28T09:07:28
================================================================================
[2025-02-28T09:08:12.178+0000] {manager.py:893} INFO - 
================================================================================
DAG File Processing Stats

File Path                    PID    Runtime      # DAGs    # Errors  Last Runtime    Last Run
---------------------------  -----  ---------  --------  ----------  --------------  -------------------
/opt/airflow/dags/ingest.py                           1           0  0.25s           2025-02-28T09:07:59
================================================================================
[2025-02-28T09:08:42.631+0000] {manager.py:893} INFO - 
================================================================================
DAG File Processing Stats

File Path                    PID    Runtime      # DAGs    # Errors  Last Runtime    Last Run
---------------------------  -----  ---------  --------  ----------  --------------  -------------------
/opt/airflow/dags/ingest.py                           1           0  0.21s           2025-02-28T09:08:29
================================================================================
[2025-02-28T09:09:12.902+0000] {manager.py:893} INFO - 
================================================================================
DAG File Processing Stats

File Path                    PID    Runtime      # DAGs    # Errors  Last Runtime    Last Run
---------------------------  -----  ---------  --------  ----------  --------------  -------------------
/opt/airflow/dags/ingest.py                           1           0  0.09s           2025-02-28T09:08:59
================================================================================
[2025-02-28T09:09:43.190+0000] {manager.py:893} INFO - 
================================================================================
DAG File Processing Stats

File Path                    PID    Runtime      # DAGs    # Errors  Last Runtime    Last Run
---------------------------  -----  ---------  --------  ----------  --------------  -------------------
/opt/airflow/dags/ingest.py                           1           0  0.11s           2025-02-28T09:09:30
================================================================================
[2025-02-28T09:10:13.488+0000] {manager.py:893} INFO - 
================================================================================
DAG File Processing Stats

File Path                    PID    Runtime      # DAGs    # Errors  Last Runtime    Last Run
---------------------------  -----  ---------  --------  ----------  --------------  -------------------
/opt/airflow/dags/ingest.py                           1           0  0.09s           2025-02-28T09:09:52
================================================================================
[2025-02-28T09:10:43.732+0000] {manager.py:893} INFO - 
================================================================================
DAG File Processing Stats

File Path                    PID    Runtime      # DAGs    # Errors  Last Runtime    Last Run
---------------------------  -----  ---------  --------  ----------  --------------  -------------------
/opt/airflow/dags/ingest.py                           1           0  0.06s           2025-02-28T09:10:22
================================================================================
[2025-02-28T09:11:13.964+0000] {manager.py:893} INFO - 
================================================================================
DAG File Processing Stats

File Path                    PID    Runtime      # DAGs    # Errors  Last Runtime    Last Run
---------------------------  -----  ---------  --------  ----------  --------------  -------------------
/opt/airflow/dags/ingest.py                           1           0  0.21s           2025-02-28T09:10:53
================================================================================
[2025-02-28T09:11:44.386+0000] {manager.py:893} INFO - 
================================================================================
DAG File Processing Stats

File Path                    PID    Runtime      # DAGs    # Errors  Last Runtime    Last Run
---------------------------  -----  ---------  --------  ----------  --------------  -------------------
/opt/airflow/dags/ingest.py                           1           0  0.22s           2025-02-28T09:11:23
================================================================================
[2025-02-28T09:12:14.729+0000] {manager.py:893} INFO - 
================================================================================
DAG File Processing Stats

File Path                    PID    Runtime      # DAGs    # Errors  Last Runtime    Last Run
---------------------------  -----  ---------  --------  ----------  --------------  -------------------
/opt/airflow/dags/ingest.py                           1           0  0.18s           2025-02-28T09:11:53
================================================================================
[2025-02-28T09:12:27.914+0000] {manager.py:759} INFO - Searching for files in /opt/airflow/dags
[2025-02-28T09:12:27.918+0000] {manager.py:762} INFO - There are 1 files in /opt/airflow/dags
[2025-02-28T09:12:45.083+0000] {manager.py:893} INFO - 
================================================================================
DAG File Processing Stats

File Path                    PID    Runtime      # DAGs    # Errors  Last Runtime    Last Run
---------------------------  -----  ---------  --------  ----------  --------------  -------------------
/opt/airflow/dags/ingest.py                           1           0  0.09s           2025-02-28T09:12:23
================================================================================
[2025-02-28T09:13:15.358+0000] {manager.py:893} INFO - 
================================================================================
DAG File Processing Stats

File Path                    PID    Runtime      # DAGs    # Errors  Last Runtime    Last Run
---------------------------  -----  ---------  --------  ----------  --------------  -------------------
/opt/airflow/dags/ingest.py                           1           0  0.07s           2025-02-28T09:12:54
================================================================================
[2025-02-28T09:13:45.646+0000] {manager.py:893} INFO - 
================================================================================
DAG File Processing Stats

File Path                    PID    Runtime      # DAGs    # Errors  Last Runtime    Last Run
---------------------------  -----  ---------  --------  ----------  --------------  -------------------
/opt/airflow/dags/ingest.py                           1           0  0.09s           2025-02-28T09:13:24
================================================================================
[2025-02-28T09:14:15.934+0000] {manager.py:893} INFO - 
================================================================================
DAG File Processing Stats

File Path                    PID    Runtime      # DAGs    # Errors  Last Runtime    Last Run
---------------------------  -----  ---------  --------  ----------  --------------  -------------------
/opt/airflow/dags/ingest.py                           1           0  0.28s           2025-02-28T09:13:55
================================================================================
[2025-02-28T09:14:46.181+0000] {manager.py:893} INFO - 
================================================================================
DAG File Processing Stats

File Path                    PID    Runtime      # DAGs    # Errors  Last Runtime    Last Run
---------------------------  -----  ---------  --------  ----------  --------------  -------------------
/opt/airflow/dags/ingest.py                           1           0  0.19s           2025-02-28T09:14:25
================================================================================
[2025-02-28T09:15:16.782+0000] {manager.py:893} INFO - 
================================================================================
DAG File Processing Stats

File Path                    PID    Runtime      # DAGs    # Errors  Last Runtime    Last Run
---------------------------  -----  ---------  --------  ----------  --------------  -------------------
/opt/airflow/dags/ingest.py                           1           0  0.08s           2025-02-28T09:15:06
================================================================================
[2025-02-28T09:15:47.091+0000] {manager.py:893} INFO - 
================================================================================
DAG File Processing Stats

File Path                    PID    Runtime      # DAGs    # Errors  Last Runtime    Last Run
---------------------------  -----  ---------  --------  ----------  --------------  -------------------
/opt/airflow/dags/ingest.py                           1           0  0.08s           2025-02-28T09:15:37
================================================================================
[2025-02-28T09:16:17.371+0000] {manager.py:893} INFO - 
================================================================================
DAG File Processing Stats

File Path                    PID    Runtime      # DAGs    # Errors  Last Runtime    Last Run
---------------------------  -----  ---------  --------  ----------  --------------  -------------------
/opt/airflow/dags/ingest.py                           1           0  0.13s           2025-02-28T09:16:07
================================================================================
[2025-02-28T09:16:47.629+0000] {manager.py:893} INFO - 
================================================================================
DAG File Processing Stats

File Path                    PID    Runtime      # DAGs    # Errors  Last Runtime    Last Run
---------------------------  -----  ---------  --------  ----------  --------------  -------------------
/opt/airflow/dags/ingest.py                           1           0  0.08s           2025-02-28T09:16:37
================================================================================
[2025-02-28T09:17:18.163+0000] {manager.py:893} INFO - 
================================================================================
DAG File Processing Stats

File Path                    PID    Runtime      # DAGs    # Errors  Last Runtime    Last Run
---------------------------  -----  ---------  --------  ----------  --------------  -------------------
/opt/airflow/dags/ingest.py                           1           0  0.30s           2025-02-28T09:17:14
================================================================================
[2025-02-28T09:17:28.250+0000] {manager.py:759} INFO - Searching for files in /opt/airflow/dags
[2025-02-28T09:17:28.254+0000] {manager.py:762} INFO - There are 1 files in /opt/airflow/dags
[2025-02-28T09:17:48.428+0000] {manager.py:893} INFO - 
================================================================================
DAG File Processing Stats

File Path                    PID    Runtime      # DAGs    # Errors  Last Runtime    Last Run
---------------------------  -----  ---------  --------  ----------  --------------  -------------------
/opt/airflow/dags/ingest.py                           1           0  0.18s           2025-02-28T09:17:44
================================================================================
[2025-02-28T09:18:18.677+0000] {manager.py:893} INFO - 
================================================================================
DAG File Processing Stats

File Path                    PID    Runtime      # DAGs    # Errors  Last Runtime    Last Run
---------------------------  -----  ---------  --------  ----------  --------------  -------------------
/opt/airflow/dags/ingest.py                           1           0  0.08s           2025-02-28T09:18:14
================================================================================
[2025-02-28T09:18:48.951+0000] {manager.py:893} INFO - 
================================================================================
DAG File Processing Stats

File Path                    PID    Runtime      # DAGs    # Errors  Last Runtime    Last Run
---------------------------  -----  ---------  --------  ----------  --------------  -------------------
/opt/airflow/dags/ingest.py                           1           0  0.09s           2025-02-28T09:18:45
================================================================================
[2025-02-28T09:19:19.213+0000] {manager.py:893} INFO - 
================================================================================
DAG File Processing Stats

File Path                    PID    Runtime      # DAGs    # Errors  Last Runtime    Last Run
---------------------------  -----  ---------  --------  ----------  --------------  -------------------
/opt/airflow/dags/ingest.py                           1           0  0.08s           2025-02-28T09:19:15
================================================================================
[2025-02-28T09:19:49.494+0000] {manager.py:893} INFO - 
================================================================================
DAG File Processing Stats

File Path                    PID    Runtime      # DAGs    # Errors  Last Runtime    Last Run
---------------------------  -----  ---------  --------  ----------  --------------  -------------------
/opt/airflow/dags/ingest.py                           1           0  0.13s           2025-02-28T09:19:21
================================================================================
[2025-02-28T09:20:19.722+0000] {manager.py:893} INFO - 
================================================================================
DAG File Processing Stats

File Path                    PID    Runtime      # DAGs    # Errors  Last Runtime    Last Run
---------------------------  -----  ---------  --------  ----------  --------------  -------------------
/opt/airflow/dags/ingest.py                           1           0  0.37s           2025-02-28T09:19:51
================================================================================
[2025-02-28T09:20:50.360+0000] {manager.py:893} INFO - 
================================================================================
DAG File Processing Stats

File Path                    PID    Runtime      # DAGs    # Errors  Last Runtime    Last Run
---------------------------  -----  ---------  --------  ----------  --------------  -------------------
/opt/airflow/dags/ingest.py                           0           1  0.07s           2025-02-28T09:20:22
================================================================================
[2025-02-28T09:21:20.632+0000] {manager.py:893} INFO - 
================================================================================
DAG File Processing Stats

File Path                    PID    Runtime      # DAGs    # Errors  Last Runtime    Last Run
---------------------------  -----  ---------  --------  ----------  --------------  -------------------
/opt/airflow/dags/ingest.py                           1           0  0.34s           2025-02-28T09:20:52
================================================================================
[2025-02-28T10:11:59.915+0000] {manager.py:759} INFO - Searching for files in /opt/airflow/dags
[2025-02-28T10:11:59.921+0000] {manager.py:762} INFO - There are 1 files in /opt/airflow/dags
[2025-02-28T10:12:03.196+0000] {manager.py:893} INFO - 
================================================================================
DAG File Processing Stats

File Path                    PID    Runtime      # DAGs    # Errors  Last Runtime    Last Run
---------------------------  -----  ---------  --------  ----------  --------------  -------------------
/opt/airflow/dags/ingest.py                           1           0  0.23s           2025-02-28T10:12:00
================================================================================
[2025-02-28T11:39:16.058+0000] {manager.py:759} INFO - Searching for files in /opt/airflow/dags
[2025-02-28T11:39:16.087+0000] {manager.py:762} INFO - There are 1 files in /opt/airflow/dags
[2025-02-28T11:39:20.290+0000] {manager.py:893} INFO - 
================================================================================
DAG File Processing Stats

File Path                    PID    Runtime      # DAGs    # Errors  Last Runtime    Last Run
---------------------------  -----  ---------  --------  ----------  --------------  -------------------
/opt/airflow/dags/ingest.py                           1           0  0.29s           2025-02-28T11:39:16
================================================================================
[2025-02-28T14:20:54.471+0000] {manager.py:759} INFO - Searching for files in /opt/airflow/dags
[2025-02-28T14:20:54.477+0000] {manager.py:762} INFO - There are 1 files in /opt/airflow/dags
[2025-02-28T14:20:59.566+0000] {manager.py:893} INFO - 
================================================================================
DAG File Processing Stats

File Path                    PID    Runtime      # DAGs    # Errors  Last Runtime    Last Run
---------------------------  -----  ---------  --------  ----------  --------------  -------------------
/opt/airflow/dags/ingest.py                           1           0  0.32s           2025-02-28T14:20:54
================================================================================
[2025-02-28T15:14:06.931+0000] {manager.py:759} INFO - Searching for files in /opt/airflow/dags
[2025-02-28T15:14:06.966+0000] {manager.py:762} INFO - There are 1 files in /opt/airflow/dags
[2025-02-28T15:14:11.857+0000] {manager.py:893} INFO - 
================================================================================
DAG File Processing Stats

File Path                    PID    Runtime      # DAGs    # Errors  Last Runtime    Last Run
---------------------------  -----  ---------  --------  ----------  --------------  -------------------
/opt/airflow/dags/ingest.py                           1           0  0.80s           2025-02-28T15:14:07
================================================================================
[2025-02-28T15:14:42.456+0000] {manager.py:893} INFO - 
================================================================================
DAG File Processing Stats

File Path                    PID    Runtime      # DAGs    # Errors  Last Runtime    Last Run
---------------------------  -----  ---------  --------  ----------  --------------  -------------------
/opt/airflow/dags/ingest.py                           0           1  0.06s           2025-02-28T15:14:26
================================================================================
[2025-02-28T15:15:12.695+0000] {manager.py:893} INFO - 
================================================================================
DAG File Processing Stats

File Path                    PID    Runtime      # DAGs    # Errors  Last Runtime    Last Run
---------------------------  -----  ---------  --------  ----------  --------------  -------------------
/opt/airflow/dags/ingest.py                           0           1  0.04s           2025-02-28T15:14:56
================================================================================
[2025-02-28T15:15:42.933+0000] {manager.py:893} INFO - 
================================================================================
DAG File Processing Stats

File Path                    PID    Runtime      # DAGs    # Errors  Last Runtime    Last Run
---------------------------  -----  ---------  --------  ----------  --------------  -------------------
/opt/airflow/dags/ingest.py                           0           1  0.04s           2025-02-28T15:15:26
================================================================================
[2025-02-28T15:16:13.075+0000] {manager.py:893} INFO - 
================================================================================
DAG File Processing Stats

File Path                    PID    Runtime      # DAGs    # Errors  Last Runtime    Last Run
---------------------------  -----  ---------  --------  ----------  --------------  -------------------
/opt/airflow/dags/ingest.py                           0           1  0.61s           2025-02-28T15:15:57
================================================================================
[2025-02-28T15:16:43.369+0000] {manager.py:893} INFO - 
================================================================================
DAG File Processing Stats

File Path                    PID    Runtime      # DAGs    # Errors  Last Runtime    Last Run
---------------------------  -----  ---------  --------  ----------  --------------  -------------------
/opt/airflow/dags/ingest.py                           0           1  0.07s           2025-02-28T15:16:28
================================================================================
[2025-02-28T15:17:13.619+0000] {manager.py:893} INFO - 
================================================================================
DAG File Processing Stats

File Path                    PID    Runtime      # DAGs    # Errors  Last Runtime    Last Run
---------------------------  -----  ---------  --------  ----------  --------------  -------------------
/opt/airflow/dags/ingest.py                           0           1  0.03s           2025-02-28T15:16:58
================================================================================
[2025-02-28T15:17:43.883+0000] {manager.py:893} INFO - 
================================================================================
DAG File Processing Stats

File Path                    PID    Runtime      # DAGs    # Errors  Last Runtime    Last Run
---------------------------  -----  ---------  --------  ----------  --------------  -------------------
/opt/airflow/dags/ingest.py                           0           1  0.05s           2025-02-28T15:17:28
================================================================================
[2025-02-28T15:18:14.172+0000] {manager.py:893} INFO - 
================================================================================
DAG File Processing Stats

File Path                    PID    Runtime      # DAGs    # Errors  Last Runtime    Last Run
---------------------------  -----  ---------  --------  ----------  --------------  -------------------
/opt/airflow/dags/ingest.py                           0           1  0.28s           2025-02-28T15:17:59
================================================================================
[2025-02-28T15:18:44.930+0000] {manager.py:893} INFO - 
================================================================================
DAG File Processing Stats

File Path                    PID    Runtime      # DAGs    # Errors  Last Runtime    Last Run
---------------------------  -----  ---------  --------  ----------  --------------  -------------------
/opt/airflow/dags/ingest.py                           0           1  0.04s           2025-02-28T15:18:29
================================================================================
[2025-02-28T15:19:07.119+0000] {manager.py:759} INFO - Searching for files in /opt/airflow/dags
[2025-02-28T15:19:07.124+0000] {manager.py:762} INFO - There are 1 files in /opt/airflow/dags
[2025-02-28T15:19:15.202+0000] {manager.py:893} INFO - 
================================================================================
DAG File Processing Stats

File Path                    PID    Runtime      # DAGs    # Errors  Last Runtime    Last Run
---------------------------  -----  ---------  --------  ----------  --------------  -------------------
/opt/airflow/dags/ingest.py                           0           1  0.04s           2025-02-28T15:19:00
================================================================================
[2025-02-28T15:19:45.463+0000] {manager.py:893} INFO - 
================================================================================
DAG File Processing Stats

File Path                    PID    Runtime      # DAGs    # Errors  Last Runtime    Last Run
---------------------------  -----  ---------  --------  ----------  --------------  -------------------
/opt/airflow/dags/ingest.py                           0           1  0.04s           2025-02-28T15:19:30
================================================================================
[2025-02-28T15:20:14.489+0000] {manager.py:469} INFO - Exiting gracefully upon receiving signal 15
