[2025-02-28T09:02:27.250+0000] {processor.py:157} INFO - Started process (PID=469) to work on /opt/airflow/dags/ingest.py
[2025-02-28T09:02:27.251+0000] {processor.py:829} INFO - Processing file /opt/airflow/dags/ingest.py for tasks to queue
[2025-02-28T09:02:27.254+0000] {logging_mixin.py:151} INFO - [2025-02-28T09:02:27.254+0000] {dagbag.py:539} INFO - Filling up the DagBag from /opt/airflow/dags/ingest.py
[2025-02-28T09:02:27.277+0000] {processor.py:839} INFO - DAG(s) dict_keys(['etl_postgres_to_minio']) retrieved from /opt/airflow/dags/ingest.py
[2025-02-28T09:02:27.723+0000] {logging_mixin.py:151} INFO - [2025-02-28T09:02:27.723+0000] {manager.py:499} INFO - Created Permission View: %s
[2025-02-28T09:02:27.731+0000] {logging_mixin.py:151} INFO - [2025-02-28T09:02:27.730+0000] {manager.py:499} INFO - Created Permission View: %s
[2025-02-28T09:02:27.736+0000] {logging_mixin.py:151} INFO - [2025-02-28T09:02:27.736+0000] {manager.py:499} INFO - Created Permission View: %s
[2025-02-28T09:02:27.736+0000] {logging_mixin.py:151} INFO - [2025-02-28T09:02:27.736+0000] {security.py:708} INFO - Not syncing DAG-level permissions for DAG 'DAG:etl_postgres_to_minio' as access control is unset.
[2025-02-28T09:02:27.737+0000] {logging_mixin.py:151} INFO - [2025-02-28T09:02:27.736+0000] {dag.py:2915} INFO - Sync 1 DAGs
[2025-02-28T09:02:27.744+0000] {logging_mixin.py:151} INFO - [2025-02-28T09:02:27.744+0000] {dag.py:2937} INFO - Creating ORM DAG for etl_postgres_to_minio
[2025-02-28T09:02:27.753+0000] {logging_mixin.py:151} INFO - [2025-02-28T09:02:27.753+0000] {dag.py:3696} INFO - Setting next_dagrun for etl_postgres_to_minio to 2025-02-28T00:00:00+00:00, run_after=2025-03-01T00:00:00+00:00
[2025-02-28T09:02:27.763+0000] {processor.py:179} INFO - Processing /opt/airflow/dags/ingest.py took 0.516 seconds
[2025-02-28T09:02:56.487+0000] {processor.py:157} INFO - Started process (PID=477) to work on /opt/airflow/dags/ingest.py
[2025-02-28T09:02:56.488+0000] {processor.py:829} INFO - Processing file /opt/airflow/dags/ingest.py for tasks to queue
[2025-02-28T09:02:56.491+0000] {logging_mixin.py:151} INFO - [2025-02-28T09:02:56.490+0000] {dagbag.py:539} INFO - Filling up the DagBag from /opt/airflow/dags/ingest.py
[2025-02-28T09:02:56.502+0000] {processor.py:839} INFO - DAG(s) dict_keys(['etl_postgres_to_minio']) retrieved from /opt/airflow/dags/ingest.py
[2025-02-28T09:02:56.515+0000] {logging_mixin.py:151} INFO - [2025-02-28T09:02:56.514+0000] {dag.py:2915} INFO - Sync 1 DAGs
[2025-02-28T09:02:56.532+0000] {logging_mixin.py:151} INFO - [2025-02-28T09:02:56.532+0000] {dag.py:3696} INFO - Setting next_dagrun for etl_postgres_to_minio to 2025-02-28T00:00:00+00:00, run_after=2025-03-01T00:00:00+00:00
[2025-02-28T09:02:56.545+0000] {processor.py:179} INFO - Processing /opt/airflow/dags/ingest.py took 0.062 seconds
[2025-02-28T09:03:26.770+0000] {processor.py:157} INFO - Started process (PID=485) to work on /opt/airflow/dags/ingest.py
[2025-02-28T09:03:26.771+0000] {processor.py:829} INFO - Processing file /opt/airflow/dags/ingest.py for tasks to queue
[2025-02-28T09:03:26.777+0000] {logging_mixin.py:151} INFO - [2025-02-28T09:03:26.776+0000] {dagbag.py:539} INFO - Filling up the DagBag from /opt/airflow/dags/ingest.py
[2025-02-28T09:03:26.792+0000] {processor.py:839} INFO - DAG(s) dict_keys(['etl_postgres_to_minio']) retrieved from /opt/airflow/dags/ingest.py
[2025-02-28T09:03:26.812+0000] {logging_mixin.py:151} INFO - [2025-02-28T09:03:26.812+0000] {dag.py:2915} INFO - Sync 1 DAGs
[2025-02-28T09:03:26.831+0000] {logging_mixin.py:151} INFO - [2025-02-28T09:03:26.831+0000] {dag.py:3696} INFO - Setting next_dagrun for etl_postgres_to_minio to 2025-02-28T00:00:00+00:00, run_after=2025-03-01T00:00:00+00:00
[2025-02-28T09:03:26.843+0000] {processor.py:179} INFO - Processing /opt/airflow/dags/ingest.py took 0.081 seconds
[2025-02-28T09:03:57.022+0000] {processor.py:157} INFO - Started process (PID=493) to work on /opt/airflow/dags/ingest.py
[2025-02-28T09:03:57.022+0000] {processor.py:829} INFO - Processing file /opt/airflow/dags/ingest.py for tasks to queue
[2025-02-28T09:03:57.025+0000] {logging_mixin.py:151} INFO - [2025-02-28T09:03:57.024+0000] {dagbag.py:539} INFO - Filling up the DagBag from /opt/airflow/dags/ingest.py
[2025-02-28T09:03:57.036+0000] {processor.py:839} INFO - DAG(s) dict_keys(['etl_postgres_to_minio']) retrieved from /opt/airflow/dags/ingest.py
[2025-02-28T09:03:57.053+0000] {logging_mixin.py:151} INFO - [2025-02-28T09:03:57.052+0000] {dag.py:2915} INFO - Sync 1 DAGs
[2025-02-28T09:03:57.073+0000] {logging_mixin.py:151} INFO - [2025-02-28T09:03:57.073+0000] {dag.py:3696} INFO - Setting next_dagrun for etl_postgres_to_minio to 2025-02-28T00:00:00+00:00, run_after=2025-03-01T00:00:00+00:00
[2025-02-28T09:03:57.088+0000] {processor.py:179} INFO - Processing /opt/airflow/dags/ingest.py took 0.070 seconds
[2025-02-28T09:04:27.278+0000] {processor.py:157} INFO - Started process (PID=501) to work on /opt/airflow/dags/ingest.py
[2025-02-28T09:04:27.279+0000] {processor.py:829} INFO - Processing file /opt/airflow/dags/ingest.py for tasks to queue
[2025-02-28T09:04:27.283+0000] {logging_mixin.py:151} INFO - [2025-02-28T09:04:27.283+0000] {dagbag.py:539} INFO - Filling up the DagBag from /opt/airflow/dags/ingest.py
[2025-02-28T09:04:27.296+0000] {processor.py:839} INFO - DAG(s) dict_keys(['etl_postgres_to_minio']) retrieved from /opt/airflow/dags/ingest.py
[2025-02-28T09:04:27.318+0000] {logging_mixin.py:151} INFO - [2025-02-28T09:04:27.318+0000] {dag.py:2915} INFO - Sync 1 DAGs
[2025-02-28T09:04:27.337+0000] {logging_mixin.py:151} INFO - [2025-02-28T09:04:27.337+0000] {dag.py:3696} INFO - Setting next_dagrun for etl_postgres_to_minio to 2025-02-28T00:00:00+00:00, run_after=2025-03-01T00:00:00+00:00
[2025-02-28T09:04:27.352+0000] {processor.py:179} INFO - Processing /opt/airflow/dags/ingest.py took 0.078 seconds
[2025-02-28T09:04:57.537+0000] {processor.py:157} INFO - Started process (PID=509) to work on /opt/airflow/dags/ingest.py
[2025-02-28T09:04:57.537+0000] {processor.py:829} INFO - Processing file /opt/airflow/dags/ingest.py for tasks to queue
[2025-02-28T09:04:57.540+0000] {logging_mixin.py:151} INFO - [2025-02-28T09:04:57.539+0000] {dagbag.py:539} INFO - Filling up the DagBag from /opt/airflow/dags/ingest.py
[2025-02-28T09:04:57.547+0000] {processor.py:839} INFO - DAG(s) dict_keys(['etl_postgres_to_minio']) retrieved from /opt/airflow/dags/ingest.py
[2025-02-28T09:04:57.561+0000] {logging_mixin.py:151} INFO - [2025-02-28T09:04:57.561+0000] {dag.py:2915} INFO - Sync 1 DAGs
[2025-02-28T09:04:57.576+0000] {logging_mixin.py:151} INFO - [2025-02-28T09:04:57.576+0000] {dag.py:3696} INFO - Setting next_dagrun for etl_postgres_to_minio to 2025-02-28T00:00:00+00:00, run_after=2025-03-01T00:00:00+00:00
[2025-02-28T09:04:57.764+0000] {processor.py:179} INFO - Processing /opt/airflow/dags/ingest.py took 0.231 seconds
[2025-02-28T09:05:27.797+0000] {processor.py:157} INFO - Started process (PID=517) to work on /opt/airflow/dags/ingest.py
[2025-02-28T09:05:27.798+0000] {processor.py:829} INFO - Processing file /opt/airflow/dags/ingest.py for tasks to queue
[2025-02-28T09:05:27.800+0000] {logging_mixin.py:151} INFO - [2025-02-28T09:05:27.800+0000] {dagbag.py:539} INFO - Filling up the DagBag from /opt/airflow/dags/ingest.py
[2025-02-28T09:05:27.808+0000] {processor.py:839} INFO - DAG(s) dict_keys(['etl_postgres_to_minio']) retrieved from /opt/airflow/dags/ingest.py
[2025-02-28T09:05:27.823+0000] {logging_mixin.py:151} INFO - [2025-02-28T09:05:27.823+0000] {dag.py:2915} INFO - Sync 1 DAGs
[2025-02-28T09:05:27.952+0000] {logging_mixin.py:151} INFO - [2025-02-28T09:05:27.952+0000] {dag.py:3696} INFO - Setting next_dagrun for etl_postgres_to_minio to 2025-02-28T00:00:00+00:00, run_after=2025-03-01T00:00:00+00:00
[2025-02-28T09:05:27.964+0000] {processor.py:179} INFO - Processing /opt/airflow/dags/ingest.py took 0.170 seconds
[2025-02-28T09:05:57.995+0000] {processor.py:157} INFO - Started process (PID=525) to work on /opt/airflow/dags/ingest.py
[2025-02-28T09:05:57.996+0000] {processor.py:829} INFO - Processing file /opt/airflow/dags/ingest.py for tasks to queue
[2025-02-28T09:05:57.999+0000] {logging_mixin.py:151} INFO - [2025-02-28T09:05:57.998+0000] {dagbag.py:539} INFO - Filling up the DagBag from /opt/airflow/dags/ingest.py
[2025-02-28T09:05:58.007+0000] {processor.py:839} INFO - DAG(s) dict_keys(['etl_postgres_to_minio']) retrieved from /opt/airflow/dags/ingest.py
[2025-02-28T09:05:58.023+0000] {logging_mixin.py:151} INFO - [2025-02-28T09:05:58.023+0000] {dag.py:2915} INFO - Sync 1 DAGs
[2025-02-28T09:05:58.048+0000] {logging_mixin.py:151} INFO - [2025-02-28T09:05:58.048+0000] {dag.py:3696} INFO - Setting next_dagrun for etl_postgres_to_minio to 2025-02-28T00:00:00+00:00, run_after=2025-03-01T00:00:00+00:00
[2025-02-28T09:05:58.061+0000] {processor.py:179} INFO - Processing /opt/airflow/dags/ingest.py took 0.070 seconds
[2025-02-28T09:06:28.265+0000] {processor.py:157} INFO - Started process (PID=533) to work on /opt/airflow/dags/ingest.py
[2025-02-28T09:06:28.266+0000] {processor.py:829} INFO - Processing file /opt/airflow/dags/ingest.py for tasks to queue
[2025-02-28T09:06:28.277+0000] {logging_mixin.py:151} INFO - [2025-02-28T09:06:28.276+0000] {dagbag.py:539} INFO - Filling up the DagBag from /opt/airflow/dags/ingest.py
[2025-02-28T09:06:28.293+0000] {processor.py:839} INFO - DAG(s) dict_keys(['etl_postgres_to_minio']) retrieved from /opt/airflow/dags/ingest.py
[2025-02-28T09:06:28.311+0000] {logging_mixin.py:151} INFO - [2025-02-28T09:06:28.311+0000] {dag.py:2915} INFO - Sync 1 DAGs
[2025-02-28T09:06:28.331+0000] {logging_mixin.py:151} INFO - [2025-02-28T09:06:28.331+0000] {dag.py:3696} INFO - Setting next_dagrun for etl_postgres_to_minio to 2025-02-28T00:00:00+00:00, run_after=2025-03-01T00:00:00+00:00
[2025-02-28T09:06:28.344+0000] {processor.py:179} INFO - Processing /opt/airflow/dags/ingest.py took 0.084 seconds
[2025-02-28T09:06:58.497+0000] {processor.py:157} INFO - Started process (PID=541) to work on /opt/airflow/dags/ingest.py
[2025-02-28T09:06:58.499+0000] {processor.py:829} INFO - Processing file /opt/airflow/dags/ingest.py for tasks to queue
[2025-02-28T09:06:58.501+0000] {logging_mixin.py:151} INFO - [2025-02-28T09:06:58.501+0000] {dagbag.py:539} INFO - Filling up the DagBag from /opt/airflow/dags/ingest.py
[2025-02-28T09:06:58.513+0000] {processor.py:839} INFO - DAG(s) dict_keys(['etl_postgres_to_minio']) retrieved from /opt/airflow/dags/ingest.py
[2025-02-28T09:06:58.529+0000] {logging_mixin.py:151} INFO - [2025-02-28T09:06:58.529+0000] {dag.py:2915} INFO - Sync 1 DAGs
[2025-02-28T09:06:58.545+0000] {logging_mixin.py:151} INFO - [2025-02-28T09:06:58.545+0000] {dag.py:3696} INFO - Setting next_dagrun for etl_postgres_to_minio to 2025-02-28T00:00:00+00:00, run_after=2025-03-01T00:00:00+00:00
[2025-02-28T09:06:58.556+0000] {processor.py:179} INFO - Processing /opt/airflow/dags/ingest.py took 0.063 seconds
[2025-02-28T09:07:28.827+0000] {processor.py:157} INFO - Started process (PID=549) to work on /opt/airflow/dags/ingest.py
[2025-02-28T09:07:28.829+0000] {processor.py:829} INFO - Processing file /opt/airflow/dags/ingest.py for tasks to queue
[2025-02-28T09:07:28.835+0000] {logging_mixin.py:151} INFO - [2025-02-28T09:07:28.835+0000] {dagbag.py:539} INFO - Filling up the DagBag from /opt/airflow/dags/ingest.py
[2025-02-28T09:07:28.852+0000] {processor.py:839} INFO - DAG(s) dict_keys(['etl_postgres_to_minio']) retrieved from /opt/airflow/dags/ingest.py
[2025-02-28T09:07:28.876+0000] {logging_mixin.py:151} INFO - [2025-02-28T09:07:28.876+0000] {dag.py:2915} INFO - Sync 1 DAGs
[2025-02-28T09:07:28.898+0000] {logging_mixin.py:151} INFO - [2025-02-28T09:07:28.897+0000] {dag.py:3696} INFO - Setting next_dagrun for etl_postgres_to_minio to 2025-02-28T00:00:00+00:00, run_after=2025-03-01T00:00:00+00:00
[2025-02-28T09:07:28.914+0000] {processor.py:179} INFO - Processing /opt/airflow/dags/ingest.py took 0.093 seconds
[2025-02-28T09:07:59.086+0000] {processor.py:157} INFO - Started process (PID=557) to work on /opt/airflow/dags/ingest.py
[2025-02-28T09:07:59.087+0000] {processor.py:829} INFO - Processing file /opt/airflow/dags/ingest.py for tasks to queue
[2025-02-28T09:07:59.090+0000] {logging_mixin.py:151} INFO - [2025-02-28T09:07:59.090+0000] {dagbag.py:539} INFO - Filling up the DagBag from /opt/airflow/dags/ingest.py
[2025-02-28T09:07:59.101+0000] {processor.py:839} INFO - DAG(s) dict_keys(['etl_postgres_to_minio']) retrieved from /opt/airflow/dags/ingest.py
[2025-02-28T09:07:59.117+0000] {logging_mixin.py:151} INFO - [2025-02-28T09:07:59.117+0000] {dag.py:2915} INFO - Sync 1 DAGs
[2025-02-28T09:07:59.133+0000] {logging_mixin.py:151} INFO - [2025-02-28T09:07:59.133+0000] {dag.py:3696} INFO - Setting next_dagrun for etl_postgres_to_minio to 2025-02-28T00:00:00+00:00, run_after=2025-03-01T00:00:00+00:00
[2025-02-28T09:07:59.311+0000] {processor.py:179} INFO - Processing /opt/airflow/dags/ingest.py took 0.230 seconds
[2025-02-28T09:08:29.533+0000] {processor.py:157} INFO - Started process (PID=565) to work on /opt/airflow/dags/ingest.py
[2025-02-28T09:08:29.534+0000] {processor.py:829} INFO - Processing file /opt/airflow/dags/ingest.py for tasks to queue
[2025-02-28T09:08:29.539+0000] {logging_mixin.py:151} INFO - [2025-02-28T09:08:29.539+0000] {dagbag.py:539} INFO - Filling up the DagBag from /opt/airflow/dags/ingest.py
[2025-02-28T09:08:29.551+0000] {processor.py:839} INFO - DAG(s) dict_keys(['etl_postgres_to_minio']) retrieved from /opt/airflow/dags/ingest.py
[2025-02-28T09:08:29.572+0000] {logging_mixin.py:151} INFO - [2025-02-28T09:08:29.572+0000] {dag.py:2915} INFO - Sync 1 DAGs
[2025-02-28T09:08:29.706+0000] {logging_mixin.py:151} INFO - [2025-02-28T09:08:29.706+0000] {dag.py:3696} INFO - Setting next_dagrun for etl_postgres_to_minio to 2025-02-28T00:00:00+00:00, run_after=2025-03-01T00:00:00+00:00
[2025-02-28T09:08:29.722+0000] {processor.py:179} INFO - Processing /opt/airflow/dags/ingest.py took 0.193 seconds
[2025-02-28T09:08:59.805+0000] {processor.py:157} INFO - Started process (PID=573) to work on /opt/airflow/dags/ingest.py
[2025-02-28T09:08:59.807+0000] {processor.py:829} INFO - Processing file /opt/airflow/dags/ingest.py for tasks to queue
[2025-02-28T09:08:59.811+0000] {logging_mixin.py:151} INFO - [2025-02-28T09:08:59.811+0000] {dagbag.py:539} INFO - Filling up the DagBag from /opt/airflow/dags/ingest.py
[2025-02-28T09:08:59.822+0000] {processor.py:839} INFO - DAG(s) dict_keys(['etl_postgres_to_minio']) retrieved from /opt/airflow/dags/ingest.py
[2025-02-28T09:08:59.838+0000] {logging_mixin.py:151} INFO - [2025-02-28T09:08:59.838+0000] {dag.py:2915} INFO - Sync 1 DAGs
[2025-02-28T09:08:59.856+0000] {logging_mixin.py:151} INFO - [2025-02-28T09:08:59.856+0000] {dag.py:3696} INFO - Setting next_dagrun for etl_postgres_to_minio to 2025-02-28T00:00:00+00:00, run_after=2025-03-01T00:00:00+00:00
[2025-02-28T09:08:59.872+0000] {processor.py:179} INFO - Processing /opt/airflow/dags/ingest.py took 0.074 seconds
[2025-02-28T09:09:30.080+0000] {processor.py:157} INFO - Started process (PID=581) to work on /opt/airflow/dags/ingest.py
[2025-02-28T09:09:30.083+0000] {processor.py:829} INFO - Processing file /opt/airflow/dags/ingest.py for tasks to queue
[2025-02-28T09:09:30.089+0000] {logging_mixin.py:151} INFO - [2025-02-28T09:09:30.088+0000] {dagbag.py:539} INFO - Filling up the DagBag from /opt/airflow/dags/ingest.py
[2025-02-28T09:09:30.103+0000] {processor.py:839} INFO - DAG(s) dict_keys(['etl_postgres_to_minio']) retrieved from /opt/airflow/dags/ingest.py
[2025-02-28T09:09:30.125+0000] {logging_mixin.py:151} INFO - [2025-02-28T09:09:30.124+0000] {dag.py:2915} INFO - Sync 1 DAGs
[2025-02-28T09:09:30.152+0000] {logging_mixin.py:151} INFO - [2025-02-28T09:09:30.152+0000] {dag.py:3696} INFO - Setting next_dagrun for etl_postgres_to_minio to 2025-02-28T00:00:00+00:00, run_after=2025-03-01T00:00:00+00:00
[2025-02-28T09:09:30.166+0000] {processor.py:179} INFO - Processing /opt/airflow/dags/ingest.py took 0.093 seconds
[2025-02-28T09:09:50.250+0000] {processor.py:157} INFO - Started process (PID=589) to work on /opt/airflow/dags/ingest.py
[2025-02-28T09:09:50.251+0000] {processor.py:829} INFO - Processing file /opt/airflow/dags/ingest.py for tasks to queue
[2025-02-28T09:09:50.252+0000] {logging_mixin.py:151} INFO - [2025-02-28T09:09:50.252+0000] {dagbag.py:539} INFO - Filling up the DagBag from /opt/airflow/dags/ingest.py
[2025-02-28T09:09:50.262+0000] {processor.py:839} INFO - DAG(s) dict_keys(['etl_postgres_to_minio']) retrieved from /opt/airflow/dags/ingest.py
[2025-02-28T09:09:50.276+0000] {logging_mixin.py:151} INFO - [2025-02-28T09:09:50.276+0000] {dag.py:2915} INFO - Sync 1 DAGs
[2025-02-28T09:09:50.290+0000] {logging_mixin.py:151} INFO - [2025-02-28T09:09:50.290+0000] {dag.py:3696} INFO - Setting next_dagrun for etl_postgres_to_minio to 2025-02-28T00:00:00+00:00, run_after=2025-03-01T00:00:00+00:00
[2025-02-28T09:09:50.303+0000] {processor.py:179} INFO - Processing /opt/airflow/dags/ingest.py took 0.055 seconds
[2025-02-28T09:09:52.275+0000] {processor.py:157} INFO - Started process (PID=590) to work on /opt/airflow/dags/ingest.py
[2025-02-28T09:09:52.276+0000] {processor.py:829} INFO - Processing file /opt/airflow/dags/ingest.py for tasks to queue
[2025-02-28T09:09:52.279+0000] {logging_mixin.py:151} INFO - [2025-02-28T09:09:52.278+0000] {dagbag.py:539} INFO - Filling up the DagBag from /opt/airflow/dags/ingest.py
[2025-02-28T09:09:52.292+0000] {processor.py:839} INFO - DAG(s) dict_keys(['etl_postgres_to_minio']) retrieved from /opt/airflow/dags/ingest.py
[2025-02-28T09:09:52.311+0000] {logging_mixin.py:151} INFO - [2025-02-28T09:09:52.310+0000] {dag.py:2915} INFO - Sync 1 DAGs
[2025-02-28T09:09:52.329+0000] {logging_mixin.py:151} INFO - [2025-02-28T09:09:52.329+0000] {dag.py:3696} INFO - Setting next_dagrun for etl_postgres_to_minio to 2025-02-28T00:00:00+00:00, run_after=2025-03-01T00:00:00+00:00
[2025-02-28T09:09:52.342+0000] {processor.py:179} INFO - Processing /opt/airflow/dags/ingest.py took 0.072 seconds
[2025-02-28T09:10:22.563+0000] {processor.py:157} INFO - Started process (PID=598) to work on /opt/airflow/dags/ingest.py
[2025-02-28T09:10:22.564+0000] {processor.py:829} INFO - Processing file /opt/airflow/dags/ingest.py for tasks to queue
[2025-02-28T09:10:22.565+0000] {logging_mixin.py:151} INFO - [2025-02-28T09:10:22.565+0000] {dagbag.py:539} INFO - Filling up the DagBag from /opt/airflow/dags/ingest.py
[2025-02-28T09:10:22.573+0000] {processor.py:839} INFO - DAG(s) dict_keys(['etl_postgres_to_minio']) retrieved from /opt/airflow/dags/ingest.py
[2025-02-28T09:10:22.586+0000] {logging_mixin.py:151} INFO - [2025-02-28T09:10:22.586+0000] {dag.py:2915} INFO - Sync 1 DAGs
[2025-02-28T09:10:22.600+0000] {logging_mixin.py:151} INFO - [2025-02-28T09:10:22.600+0000] {dag.py:3696} INFO - Setting next_dagrun for etl_postgres_to_minio to 2025-02-28T00:00:00+00:00, run_after=2025-03-01T00:00:00+00:00
[2025-02-28T09:10:22.611+0000] {processor.py:179} INFO - Processing /opt/airflow/dags/ingest.py took 0.050 seconds
[2025-02-28T09:10:52.796+0000] {processor.py:157} INFO - Started process (PID=606) to work on /opt/airflow/dags/ingest.py
[2025-02-28T09:10:52.797+0000] {processor.py:829} INFO - Processing file /opt/airflow/dags/ingest.py for tasks to queue
[2025-02-28T09:10:52.798+0000] {logging_mixin.py:151} INFO - [2025-02-28T09:10:52.798+0000] {dagbag.py:539} INFO - Filling up the DagBag from /opt/airflow/dags/ingest.py
[2025-02-28T09:10:52.806+0000] {processor.py:839} INFO - DAG(s) dict_keys(['etl_postgres_to_minio']) retrieved from /opt/airflow/dags/ingest.py
[2025-02-28T09:10:52.819+0000] {logging_mixin.py:151} INFO - [2025-02-28T09:10:52.819+0000] {dag.py:2915} INFO - Sync 1 DAGs
[2025-02-28T09:10:52.834+0000] {logging_mixin.py:151} INFO - [2025-02-28T09:10:52.834+0000] {dag.py:3696} INFO - Setting next_dagrun for etl_postgres_to_minio to 2025-02-28T00:00:00+00:00, run_after=2025-03-01T00:00:00+00:00
[2025-02-28T09:10:52.994+0000] {processor.py:179} INFO - Processing /opt/airflow/dags/ingest.py took 0.200 seconds
[2025-02-28T09:11:23.067+0000] {processor.py:157} INFO - Started process (PID=614) to work on /opt/airflow/dags/ingest.py
[2025-02-28T09:11:23.069+0000] {processor.py:829} INFO - Processing file /opt/airflow/dags/ingest.py for tasks to queue
[2025-02-28T09:11:23.074+0000] {logging_mixin.py:151} INFO - [2025-02-28T09:11:23.073+0000] {dagbag.py:539} INFO - Filling up the DagBag from /opt/airflow/dags/ingest.py
[2025-02-28T09:11:23.090+0000] {processor.py:839} INFO - DAG(s) dict_keys(['etl_postgres_to_minio']) retrieved from /opt/airflow/dags/ingest.py
[2025-02-28T09:11:23.111+0000] {logging_mixin.py:151} INFO - [2025-02-28T09:11:23.111+0000] {dag.py:2915} INFO - Sync 1 DAGs
[2025-02-28T09:11:23.237+0000] {logging_mixin.py:151} INFO - [2025-02-28T09:11:23.237+0000] {dag.py:3696} INFO - Setting next_dagrun for etl_postgres_to_minio to 2025-02-28T00:00:00+00:00, run_after=2025-03-01T00:00:00+00:00
[2025-02-28T09:11:23.254+0000] {processor.py:179} INFO - Processing /opt/airflow/dags/ingest.py took 0.193 seconds
[2025-02-28T09:11:53.487+0000] {processor.py:157} INFO - Started process (PID=622) to work on /opt/airflow/dags/ingest.py
[2025-02-28T09:11:53.488+0000] {processor.py:829} INFO - Processing file /opt/airflow/dags/ingest.py for tasks to queue
[2025-02-28T09:11:53.491+0000] {logging_mixin.py:151} INFO - [2025-02-28T09:11:53.490+0000] {dagbag.py:539} INFO - Filling up the DagBag from /opt/airflow/dags/ingest.py
[2025-02-28T09:11:53.501+0000] {processor.py:839} INFO - DAG(s) dict_keys(['etl_postgres_to_minio']) retrieved from /opt/airflow/dags/ingest.py
[2025-02-28T09:11:53.518+0000] {logging_mixin.py:151} INFO - [2025-02-28T09:11:53.517+0000] {dag.py:2915} INFO - Sync 1 DAGs
[2025-02-28T09:11:53.640+0000] {logging_mixin.py:151} INFO - [2025-02-28T09:11:53.640+0000] {dag.py:3696} INFO - Setting next_dagrun for etl_postgres_to_minio to 2025-02-28T00:00:00+00:00, run_after=2025-03-01T00:00:00+00:00
[2025-02-28T09:11:53.650+0000] {processor.py:179} INFO - Processing /opt/airflow/dags/ingest.py took 0.167 seconds
[2025-02-28T09:12:23.824+0000] {processor.py:157} INFO - Started process (PID=630) to work on /opt/airflow/dags/ingest.py
[2025-02-28T09:12:23.825+0000] {processor.py:829} INFO - Processing file /opt/airflow/dags/ingest.py for tasks to queue
[2025-02-28T09:12:23.829+0000] {logging_mixin.py:151} INFO - [2025-02-28T09:12:23.828+0000] {dagbag.py:539} INFO - Filling up the DagBag from /opt/airflow/dags/ingest.py
[2025-02-28T09:12:23.844+0000] {processor.py:839} INFO - DAG(s) dict_keys(['etl_postgres_to_minio']) retrieved from /opt/airflow/dags/ingest.py
[2025-02-28T09:12:23.861+0000] {logging_mixin.py:151} INFO - [2025-02-28T09:12:23.861+0000] {dag.py:2915} INFO - Sync 1 DAGs
[2025-02-28T09:12:23.878+0000] {logging_mixin.py:151} INFO - [2025-02-28T09:12:23.878+0000] {dag.py:3696} INFO - Setting next_dagrun for etl_postgres_to_minio to 2025-02-28T00:00:00+00:00, run_after=2025-03-01T00:00:00+00:00
[2025-02-28T09:12:23.892+0000] {processor.py:179} INFO - Processing /opt/airflow/dags/ingest.py took 0.074 seconds
[2025-02-28T09:12:54.182+0000] {processor.py:157} INFO - Started process (PID=638) to work on /opt/airflow/dags/ingest.py
[2025-02-28T09:12:54.183+0000] {processor.py:829} INFO - Processing file /opt/airflow/dags/ingest.py for tasks to queue
[2025-02-28T09:12:54.186+0000] {logging_mixin.py:151} INFO - [2025-02-28T09:12:54.186+0000] {dagbag.py:539} INFO - Filling up the DagBag from /opt/airflow/dags/ingest.py
[2025-02-28T09:12:54.196+0000] {processor.py:839} INFO - DAG(s) dict_keys(['etl_postgres_to_minio']) retrieved from /opt/airflow/dags/ingest.py
[2025-02-28T09:12:54.211+0000] {logging_mixin.py:151} INFO - [2025-02-28T09:12:54.211+0000] {dag.py:2915} INFO - Sync 1 DAGs
[2025-02-28T09:12:54.227+0000] {logging_mixin.py:151} INFO - [2025-02-28T09:12:54.227+0000] {dag.py:3696} INFO - Setting next_dagrun for etl_postgres_to_minio to 2025-02-28T00:00:00+00:00, run_after=2025-03-01T00:00:00+00:00
[2025-02-28T09:12:54.238+0000] {processor.py:179} INFO - Processing /opt/airflow/dags/ingest.py took 0.060 seconds
[2025-02-28T09:13:24.454+0000] {processor.py:157} INFO - Started process (PID=646) to work on /opt/airflow/dags/ingest.py
[2025-02-28T09:13:24.455+0000] {processor.py:829} INFO - Processing file /opt/airflow/dags/ingest.py for tasks to queue
[2025-02-28T09:13:24.461+0000] {logging_mixin.py:151} INFO - [2025-02-28T09:13:24.460+0000] {dagbag.py:539} INFO - Filling up the DagBag from /opt/airflow/dags/ingest.py
[2025-02-28T09:13:24.475+0000] {processor.py:839} INFO - DAG(s) dict_keys(['etl_postgres_to_minio']) retrieved from /opt/airflow/dags/ingest.py
[2025-02-28T09:13:24.494+0000] {logging_mixin.py:151} INFO - [2025-02-28T09:13:24.494+0000] {dag.py:2915} INFO - Sync 1 DAGs
[2025-02-28T09:13:24.509+0000] {logging_mixin.py:151} INFO - [2025-02-28T09:13:24.509+0000] {dag.py:3696} INFO - Setting next_dagrun for etl_postgres_to_minio to 2025-02-28T00:00:00+00:00, run_after=2025-03-01T00:00:00+00:00
[2025-02-28T09:13:24.522+0000] {processor.py:179} INFO - Processing /opt/airflow/dags/ingest.py took 0.072 seconds
[2025-02-28T09:13:54.756+0000] {processor.py:157} INFO - Started process (PID=654) to work on /opt/airflow/dags/ingest.py
[2025-02-28T09:13:54.757+0000] {processor.py:829} INFO - Processing file /opt/airflow/dags/ingest.py for tasks to queue
[2025-02-28T09:13:54.760+0000] {logging_mixin.py:151} INFO - [2025-02-28T09:13:54.760+0000] {dagbag.py:539} INFO - Filling up the DagBag from /opt/airflow/dags/ingest.py
[2025-02-28T09:13:54.773+0000] {processor.py:839} INFO - DAG(s) dict_keys(['etl_postgres_to_minio']) retrieved from /opt/airflow/dags/ingest.py
[2025-02-28T09:13:54.791+0000] {logging_mixin.py:151} INFO - [2025-02-28T09:13:54.791+0000] {dag.py:2915} INFO - Sync 1 DAGs
[2025-02-28T09:13:54.813+0000] {logging_mixin.py:151} INFO - [2025-02-28T09:13:54.813+0000] {dag.py:3696} INFO - Setting next_dagrun for etl_postgres_to_minio to 2025-02-28T00:00:00+00:00, run_after=2025-03-01T00:00:00+00:00
[2025-02-28T09:13:55.009+0000] {processor.py:179} INFO - Processing /opt/airflow/dags/ingest.py took 0.259 seconds
[2025-02-28T09:14:25.033+0000] {processor.py:157} INFO - Started process (PID=662) to work on /opt/airflow/dags/ingest.py
[2025-02-28T09:14:25.034+0000] {processor.py:829} INFO - Processing file /opt/airflow/dags/ingest.py for tasks to queue
[2025-02-28T09:14:25.038+0000] {logging_mixin.py:151} INFO - [2025-02-28T09:14:25.037+0000] {dagbag.py:539} INFO - Filling up the DagBag from /opt/airflow/dags/ingest.py
[2025-02-28T09:14:25.048+0000] {processor.py:839} INFO - DAG(s) dict_keys(['etl_postgres_to_minio']) retrieved from /opt/airflow/dags/ingest.py
[2025-02-28T09:14:25.066+0000] {logging_mixin.py:151} INFO - [2025-02-28T09:14:25.066+0000] {dag.py:2915} INFO - Sync 1 DAGs
[2025-02-28T09:14:25.193+0000] {logging_mixin.py:151} INFO - [2025-02-28T09:14:25.193+0000] {dag.py:3696} INFO - Setting next_dagrun for etl_postgres_to_minio to 2025-02-28T00:00:00+00:00, run_after=2025-03-01T00:00:00+00:00
[2025-02-28T09:14:25.203+0000] {processor.py:179} INFO - Processing /opt/airflow/dags/ingest.py took 0.174 seconds
[2025-02-28T09:14:55.279+0000] {processor.py:157} INFO - Started process (PID=671) to work on /opt/airflow/dags/ingest.py
[2025-02-28T09:14:55.280+0000] {processor.py:829} INFO - Processing file /opt/airflow/dags/ingest.py for tasks to queue
[2025-02-28T09:14:55.285+0000] {logging_mixin.py:151} INFO - [2025-02-28T09:14:55.284+0000] {dagbag.py:539} INFO - Filling up the DagBag from /opt/airflow/dags/ingest.py
[2025-02-28T09:14:55.320+0000] {processor.py:839} INFO - DAG(s) dict_keys(['etl_postgres_to_minio']) retrieved from /opt/airflow/dags/ingest.py
[2025-02-28T09:14:55.563+0000] {logging_mixin.py:151} INFO - [2025-02-28T09:14:55.562+0000] {dag.py:2915} INFO - Sync 1 DAGs
[2025-02-28T09:14:55.578+0000] {logging_mixin.py:151} INFO - [2025-02-28T09:14:55.578+0000] {dag.py:3696} INFO - Setting next_dagrun for etl_postgres_to_minio to 2025-02-28T00:00:00+00:00, run_after=2025-03-01T00:00:00+00:00
[2025-02-28T09:14:55.590+0000] {processor.py:179} INFO - Processing /opt/airflow/dags/ingest.py took 0.318 seconds
[2025-02-28T09:15:06.693+0000] {processor.py:157} INFO - Started process (PID=679) to work on /opt/airflow/dags/ingest.py
[2025-02-28T09:15:06.694+0000] {processor.py:829} INFO - Processing file /opt/airflow/dags/ingest.py for tasks to queue
[2025-02-28T09:15:06.696+0000] {logging_mixin.py:151} INFO - [2025-02-28T09:15:06.696+0000] {dagbag.py:539} INFO - Filling up the DagBag from /opt/airflow/dags/ingest.py
[2025-02-28T09:15:06.707+0000] {processor.py:839} INFO - DAG(s) dict_keys(['etl_postgres_to_minio']) retrieved from /opt/airflow/dags/ingest.py
[2025-02-28T09:15:06.726+0000] {logging_mixin.py:151} INFO - [2025-02-28T09:15:06.726+0000] {dag.py:2915} INFO - Sync 1 DAGs
[2025-02-28T09:15:06.743+0000] {logging_mixin.py:151} INFO - [2025-02-28T09:15:06.743+0000] {dag.py:3696} INFO - Setting next_dagrun for etl_postgres_to_minio to 2025-02-28T00:00:00+00:00, run_after=2025-03-01T00:00:00+00:00
[2025-02-28T09:15:06.757+0000] {processor.py:179} INFO - Processing /opt/airflow/dags/ingest.py took 0.068 seconds
[2025-02-28T09:15:37.003+0000] {processor.py:157} INFO - Started process (PID=687) to work on /opt/airflow/dags/ingest.py
[2025-02-28T09:15:37.005+0000] {processor.py:829} INFO - Processing file /opt/airflow/dags/ingest.py for tasks to queue
[2025-02-28T09:15:37.008+0000] {logging_mixin.py:151} INFO - [2025-02-28T09:15:37.008+0000] {dagbag.py:539} INFO - Filling up the DagBag from /opt/airflow/dags/ingest.py
[2025-02-28T09:15:37.020+0000] {processor.py:839} INFO - DAG(s) dict_keys(['etl_postgres_to_minio']) retrieved from /opt/airflow/dags/ingest.py
[2025-02-28T09:15:37.035+0000] {logging_mixin.py:151} INFO - [2025-02-28T09:15:37.035+0000] {dag.py:2915} INFO - Sync 1 DAGs
[2025-02-28T09:15:37.052+0000] {logging_mixin.py:151} INFO - [2025-02-28T09:15:37.051+0000] {dag.py:3696} INFO - Setting next_dagrun for etl_postgres_to_minio to 2025-02-28T00:00:00+00:00, run_after=2025-03-01T00:00:00+00:00
[2025-02-28T09:15:37.062+0000] {processor.py:179} INFO - Processing /opt/airflow/dags/ingest.py took 0.063 seconds
[2025-02-28T09:16:07.298+0000] {processor.py:157} INFO - Started process (PID=695) to work on /opt/airflow/dags/ingest.py
[2025-02-28T09:16:07.299+0000] {processor.py:829} INFO - Processing file /opt/airflow/dags/ingest.py for tasks to queue
[2025-02-28T09:16:07.304+0000] {logging_mixin.py:151} INFO - [2025-02-28T09:16:07.303+0000] {dagbag.py:539} INFO - Filling up the DagBag from /opt/airflow/dags/ingest.py
[2025-02-28T09:16:07.322+0000] {processor.py:839} INFO - DAG(s) dict_keys(['etl_postgres_to_minio']) retrieved from /opt/airflow/dags/ingest.py
[2025-02-28T09:16:07.362+0000] {logging_mixin.py:151} INFO - [2025-02-28T09:16:07.362+0000] {dag.py:2915} INFO - Sync 1 DAGs
[2025-02-28T09:16:07.387+0000] {logging_mixin.py:151} INFO - [2025-02-28T09:16:07.387+0000] {dag.py:3696} INFO - Setting next_dagrun for etl_postgres_to_minio to 2025-02-28T00:00:00+00:00, run_after=2025-03-01T00:00:00+00:00
[2025-02-28T09:16:07.401+0000] {processor.py:179} INFO - Processing /opt/airflow/dags/ingest.py took 0.108 seconds
[2025-02-28T09:16:37.557+0000] {processor.py:157} INFO - Started process (PID=703) to work on /opt/airflow/dags/ingest.py
[2025-02-28T09:16:37.558+0000] {processor.py:829} INFO - Processing file /opt/airflow/dags/ingest.py for tasks to queue
[2025-02-28T09:16:37.562+0000] {logging_mixin.py:151} INFO - [2025-02-28T09:16:37.561+0000] {dagbag.py:539} INFO - Filling up the DagBag from /opt/airflow/dags/ingest.py
[2025-02-28T09:16:37.574+0000] {processor.py:839} INFO - DAG(s) dict_keys(['etl_postgres_to_minio']) retrieved from /opt/airflow/dags/ingest.py
[2025-02-28T09:16:37.592+0000] {logging_mixin.py:151} INFO - [2025-02-28T09:16:37.592+0000] {dag.py:2915} INFO - Sync 1 DAGs
[2025-02-28T09:16:37.608+0000] {logging_mixin.py:151} INFO - [2025-02-28T09:16:37.608+0000] {dag.py:3696} INFO - Setting next_dagrun for etl_postgres_to_minio to 2025-02-28T00:00:00+00:00, run_after=2025-03-01T00:00:00+00:00
[2025-02-28T09:16:37.620+0000] {processor.py:179} INFO - Processing /opt/airflow/dags/ingest.py took 0.067 seconds
[2025-02-28T09:17:07.816+0000] {processor.py:157} INFO - Started process (PID=711) to work on /opt/airflow/dags/ingest.py
[2025-02-28T09:17:07.817+0000] {processor.py:829} INFO - Processing file /opt/airflow/dags/ingest.py for tasks to queue
[2025-02-28T09:17:07.822+0000] {logging_mixin.py:151} INFO - [2025-02-28T09:17:07.821+0000] {dagbag.py:539} INFO - Filling up the DagBag from /opt/airflow/dags/ingest.py
[2025-02-28T09:17:07.833+0000] {processor.py:839} INFO - DAG(s) dict_keys(['etl_postgres_to_minio']) retrieved from /opt/airflow/dags/ingest.py
[2025-02-28T09:17:07.850+0000] {logging_mixin.py:151} INFO - [2025-02-28T09:17:07.849+0000] {dag.py:2915} INFO - Sync 1 DAGs
[2025-02-28T09:17:08.055+0000] {logging_mixin.py:151} INFO - [2025-02-28T09:17:08.055+0000] {dag.py:3696} INFO - Setting next_dagrun for etl_postgres_to_minio to 2025-02-28T00:00:00+00:00, run_after=2025-03-01T00:00:00+00:00
[2025-02-28T09:17:08.072+0000] {processor.py:179} INFO - Processing /opt/airflow/dags/ingest.py took 0.261 seconds
[2025-02-28T09:17:13.885+0000] {processor.py:157} INFO - Started process (PID=712) to work on /opt/airflow/dags/ingest.py
[2025-02-28T09:17:13.886+0000] {processor.py:829} INFO - Processing file /opt/airflow/dags/ingest.py for tasks to queue
[2025-02-28T09:17:13.891+0000] {logging_mixin.py:151} INFO - [2025-02-28T09:17:13.891+0000] {dagbag.py:539} INFO - Filling up the DagBag from /opt/airflow/dags/ingest.py
[2025-02-28T09:17:13.911+0000] {processor.py:839} INFO - DAG(s) dict_keys(['etl_postgres_to_minio']) retrieved from /opt/airflow/dags/ingest.py
[2025-02-28T09:17:13.932+0000] {logging_mixin.py:151} INFO - [2025-02-28T09:17:13.932+0000] {dag.py:2915} INFO - Sync 1 DAGs
[2025-02-28T09:17:14.157+0000] {logging_mixin.py:151} INFO - [2025-02-28T09:17:14.157+0000] {dag.py:3696} INFO - Setting next_dagrun for etl_postgres_to_minio to 2025-02-28T00:00:00+00:00, run_after=2025-03-01T00:00:00+00:00
[2025-02-28T09:17:14.170+0000] {processor.py:179} INFO - Processing /opt/airflow/dags/ingest.py took 0.289 seconds
[2025-02-28T09:17:44.397+0000] {processor.py:157} INFO - Started process (PID=720) to work on /opt/airflow/dags/ingest.py
[2025-02-28T09:17:44.398+0000] {processor.py:829} INFO - Processing file /opt/airflow/dags/ingest.py for tasks to queue
[2025-02-28T09:17:44.400+0000] {logging_mixin.py:151} INFO - [2025-02-28T09:17:44.400+0000] {dagbag.py:539} INFO - Filling up the DagBag from /opt/airflow/dags/ingest.py
[2025-02-28T09:17:44.408+0000] {processor.py:839} INFO - DAG(s) dict_keys(['etl_postgres_to_minio']) retrieved from /opt/airflow/dags/ingest.py
[2025-02-28T09:17:44.423+0000] {logging_mixin.py:151} INFO - [2025-02-28T09:17:44.423+0000] {dag.py:2915} INFO - Sync 1 DAGs
[2025-02-28T09:17:44.553+0000] {logging_mixin.py:151} INFO - [2025-02-28T09:17:44.553+0000] {dag.py:3696} INFO - Setting next_dagrun for etl_postgres_to_minio to 2025-02-28T00:00:00+00:00, run_after=2025-03-01T00:00:00+00:00
[2025-02-28T09:17:44.564+0000] {processor.py:179} INFO - Processing /opt/airflow/dags/ingest.py took 0.170 seconds
[2025-02-28T09:18:14.658+0000] {processor.py:157} INFO - Started process (PID=728) to work on /opt/airflow/dags/ingest.py
[2025-02-28T09:18:14.659+0000] {processor.py:829} INFO - Processing file /opt/airflow/dags/ingest.py for tasks to queue
[2025-02-28T09:18:14.661+0000] {logging_mixin.py:151} INFO - [2025-02-28T09:18:14.661+0000] {dagbag.py:539} INFO - Filling up the DagBag from /opt/airflow/dags/ingest.py
[2025-02-28T09:18:14.673+0000] {processor.py:839} INFO - DAG(s) dict_keys(['etl_postgres_to_minio']) retrieved from /opt/airflow/dags/ingest.py
[2025-02-28T09:18:14.697+0000] {logging_mixin.py:151} INFO - [2025-02-28T09:18:14.697+0000] {dag.py:2915} INFO - Sync 1 DAGs
[2025-02-28T09:18:14.714+0000] {logging_mixin.py:151} INFO - [2025-02-28T09:18:14.713+0000] {dag.py:3696} INFO - Setting next_dagrun for etl_postgres_to_minio to 2025-02-28T00:00:00+00:00, run_after=2025-03-01T00:00:00+00:00
[2025-02-28T09:18:14.725+0000] {processor.py:179} INFO - Processing /opt/airflow/dags/ingest.py took 0.070 seconds
[2025-02-28T09:18:44.920+0000] {processor.py:157} INFO - Started process (PID=736) to work on /opt/airflow/dags/ingest.py
[2025-02-28T09:18:44.921+0000] {processor.py:829} INFO - Processing file /opt/airflow/dags/ingest.py for tasks to queue
[2025-02-28T09:18:44.925+0000] {logging_mixin.py:151} INFO - [2025-02-28T09:18:44.924+0000] {dagbag.py:539} INFO - Filling up the DagBag from /opt/airflow/dags/ingest.py
[2025-02-28T09:18:44.941+0000] {processor.py:839} INFO - DAG(s) dict_keys(['etl_postgres_to_minio']) retrieved from /opt/airflow/dags/ingest.py
[2025-02-28T09:18:44.962+0000] {logging_mixin.py:151} INFO - [2025-02-28T09:18:44.961+0000] {dag.py:2915} INFO - Sync 1 DAGs
[2025-02-28T09:18:44.982+0000] {logging_mixin.py:151} INFO - [2025-02-28T09:18:44.982+0000] {dag.py:3696} INFO - Setting next_dagrun for etl_postgres_to_minio to 2025-02-28T00:00:00+00:00, run_after=2025-03-01T00:00:00+00:00
[2025-02-28T09:18:44.997+0000] {processor.py:179} INFO - Processing /opt/airflow/dags/ingest.py took 0.081 seconds
[2025-02-28T09:19:15.189+0000] {processor.py:157} INFO - Started process (PID=744) to work on /opt/airflow/dags/ingest.py
[2025-02-28T09:19:15.190+0000] {processor.py:829} INFO - Processing file /opt/airflow/dags/ingest.py for tasks to queue
[2025-02-28T09:19:15.193+0000] {logging_mixin.py:151} INFO - [2025-02-28T09:19:15.192+0000] {dagbag.py:539} INFO - Filling up the DagBag from /opt/airflow/dags/ingest.py
[2025-02-28T09:19:15.204+0000] {processor.py:839} INFO - DAG(s) dict_keys(['etl_postgres_to_minio']) retrieved from /opt/airflow/dags/ingest.py
[2025-02-28T09:19:15.222+0000] {logging_mixin.py:151} INFO - [2025-02-28T09:19:15.222+0000] {dag.py:2915} INFO - Sync 1 DAGs
[2025-02-28T09:19:15.241+0000] {logging_mixin.py:151} INFO - [2025-02-28T09:19:15.240+0000] {dag.py:3696} INFO - Setting next_dagrun for etl_postgres_to_minio to 2025-02-28T00:00:00+00:00, run_after=2025-03-01T00:00:00+00:00
[2025-02-28T09:19:15.252+0000] {processor.py:179} INFO - Processing /opt/airflow/dags/ingest.py took 0.066 seconds
[2025-02-28T09:19:21.242+0000] {processor.py:157} INFO - Started process (PID=745) to work on /opt/airflow/dags/ingest.py
[2025-02-28T09:19:21.244+0000] {processor.py:829} INFO - Processing file /opt/airflow/dags/ingest.py for tasks to queue
[2025-02-28T09:19:21.247+0000] {logging_mixin.py:151} INFO - [2025-02-28T09:19:21.247+0000] {dagbag.py:539} INFO - Filling up the DagBag from /opt/airflow/dags/ingest.py
[2025-02-28T09:19:21.266+0000] {processor.py:839} INFO - DAG(s) dict_keys(['etl_postgres_to_minio']) retrieved from /opt/airflow/dags/ingest.py
[2025-02-28T09:19:21.304+0000] {logging_mixin.py:151} INFO - [2025-02-28T09:19:21.304+0000] {dag.py:2915} INFO - Sync 1 DAGs
[2025-02-28T09:19:21.337+0000] {logging_mixin.py:151} INFO - [2025-02-28T09:19:21.336+0000] {dag.py:3696} INFO - Setting next_dagrun for etl_postgres_to_minio to 2025-02-28T00:00:00+00:00, run_after=2025-03-01T00:00:00+00:00
[2025-02-28T09:19:21.357+0000] {processor.py:179} INFO - Processing /opt/airflow/dags/ingest.py took 0.119 seconds
[2025-02-28T09:19:51.536+0000] {processor.py:157} INFO - Started process (PID=753) to work on /opt/airflow/dags/ingest.py
[2025-02-28T09:19:51.538+0000] {processor.py:829} INFO - Processing file /opt/airflow/dags/ingest.py for tasks to queue
[2025-02-28T09:19:51.550+0000] {logging_mixin.py:151} INFO - [2025-02-28T09:19:51.548+0000] {dagbag.py:539} INFO - Filling up the DagBag from /opt/airflow/dags/ingest.py
[2025-02-28T09:19:51.586+0000] {processor.py:839} INFO - DAG(s) dict_keys(['etl_postgres_to_minio']) retrieved from /opt/airflow/dags/ingest.py
[2025-02-28T09:19:51.611+0000] {logging_mixin.py:151} INFO - [2025-02-28T09:19:51.611+0000] {dag.py:2915} INFO - Sync 1 DAGs
[2025-02-28T09:19:51.635+0000] {logging_mixin.py:151} INFO - [2025-02-28T09:19:51.635+0000] {dag.py:3696} INFO - Setting next_dagrun for etl_postgres_to_minio to 2025-02-28T00:00:00+00:00, run_after=2025-03-01T00:00:00+00:00
[2025-02-28T09:19:51.880+0000] {processor.py:179} INFO - Processing /opt/airflow/dags/ingest.py took 0.349 seconds
[2025-02-28T09:20:22.123+0000] {processor.py:157} INFO - Started process (PID=761) to work on /opt/airflow/dags/ingest.py
[2025-02-28T09:20:22.124+0000] {processor.py:829} INFO - Processing file /opt/airflow/dags/ingest.py for tasks to queue
[2025-02-28T09:20:22.129+0000] {logging_mixin.py:151} INFO - [2025-02-28T09:20:22.128+0000] {dagbag.py:539} INFO - Filling up the DagBag from /opt/airflow/dags/ingest.py
[2025-02-28T09:20:22.136+0000] {logging_mixin.py:151} INFO - [2025-02-28T09:20:22.133+0000] {dagbag.py:347} ERROR - Failed to import: /opt/airflow/dags/ingest.py
Traceback (most recent call last):
  File "/home/airflow/.local/lib/python3.11/site-packages/airflow/models/dagbag.py", line 343, in parse
    loader.exec_module(new_module)
  File "<frozen importlib._bootstrap_external>", line 936, in exec_module
  File "<frozen importlib._bootstrap_external>", line 1074, in get_code
  File "<frozen importlib._bootstrap_external>", line 1004, in source_to_code
  File "<frozen importlib._bootstrap>", line 241, in _call_with_frames_removed
  File "/opt/airflow/dags/ingest.py", line 35
    ti.xcom_push(i, extracted
                ^
SyntaxError: '(' was never closed
[2025-02-28T09:20:22.137+0000] {processor.py:841} WARNING - No viable dags retrieved from /opt/airflow/dags/ingest.py
[2025-02-28T09:20:22.171+0000] {processor.py:179} INFO - Processing /opt/airflow/dags/ingest.py took 0.053 seconds
[2025-02-28T09:20:52.402+0000] {processor.py:157} INFO - Started process (PID=769) to work on /opt/airflow/dags/ingest.py
[2025-02-28T09:20:52.404+0000] {processor.py:829} INFO - Processing file /opt/airflow/dags/ingest.py for tasks to queue
[2025-02-28T09:20:52.411+0000] {logging_mixin.py:151} INFO - [2025-02-28T09:20:52.410+0000] {dagbag.py:539} INFO - Filling up the DagBag from /opt/airflow/dags/ingest.py
[2025-02-28T09:20:52.434+0000] {processor.py:839} INFO - DAG(s) dict_keys(['etl_postgres_to_minio']) retrieved from /opt/airflow/dags/ingest.py
[2025-02-28T09:20:52.480+0000] {logging_mixin.py:151} INFO - [2025-02-28T09:20:52.479+0000] {dag.py:2915} INFO - Sync 1 DAGs
[2025-02-28T09:20:52.700+0000] {logging_mixin.py:151} INFO - [2025-02-28T09:20:52.699+0000] {dag.py:3696} INFO - Setting next_dagrun for etl_postgres_to_minio to 2025-02-28T00:00:00+00:00, run_after=2025-03-01T00:00:00+00:00
[2025-02-28T09:20:52.714+0000] {processor.py:179} INFO - Processing /opt/airflow/dags/ingest.py took 0.319 seconds
[2025-02-28T09:21:22.976+0000] {processor.py:157} INFO - Started process (PID=777) to work on /opt/airflow/dags/ingest.py
[2025-02-28T09:21:22.977+0000] {processor.py:829} INFO - Processing file /opt/airflow/dags/ingest.py for tasks to queue
[2025-02-28T09:21:22.981+0000] {logging_mixin.py:151} INFO - [2025-02-28T09:21:22.980+0000] {dagbag.py:539} INFO - Filling up the DagBag from /opt/airflow/dags/ingest.py
[2025-02-28T09:21:22.994+0000] {processor.py:839} INFO - DAG(s) dict_keys(['etl_postgres_to_minio']) retrieved from /opt/airflow/dags/ingest.py
[2025-02-28T09:21:23.012+0000] {logging_mixin.py:151} INFO - [2025-02-28T09:21:23.012+0000] {dag.py:2915} INFO - Sync 1 DAGs
[2025-02-28T09:21:23.029+0000] {logging_mixin.py:151} INFO - [2025-02-28T09:21:23.029+0000] {dag.py:3696} INFO - Setting next_dagrun for etl_postgres_to_minio to 2025-02-28T00:00:00+00:00, run_after=2025-03-01T00:00:00+00:00
[2025-02-28T09:21:23.041+0000] {processor.py:179} INFO - Processing /opt/airflow/dags/ingest.py took 0.069 seconds
[2025-02-28T10:11:59.953+0000] {processor.py:157} INFO - Started process (PID=785) to work on /opt/airflow/dags/ingest.py
[2025-02-28T10:11:59.955+0000] {processor.py:829} INFO - Processing file /opt/airflow/dags/ingest.py for tasks to queue
[2025-02-28T10:11:59.960+0000] {logging_mixin.py:151} INFO - [2025-02-28T10:11:59.960+0000] {dagbag.py:539} INFO - Filling up the DagBag from /opt/airflow/dags/ingest.py
[2025-02-28T10:12:00.030+0000] {processor.py:839} INFO - DAG(s) dict_keys(['etl_postgres_to_minio']) retrieved from /opt/airflow/dags/ingest.py
[2025-02-28T10:12:00.079+0000] {logging_mixin.py:151} INFO - [2025-02-28T10:12:00.078+0000] {dag.py:2915} INFO - Sync 1 DAGs
[2025-02-28T10:12:00.134+0000] {logging_mixin.py:151} INFO - [2025-02-28T10:12:00.134+0000] {dag.py:3696} INFO - Setting next_dagrun for etl_postgres_to_minio to 2025-02-28T00:00:00+00:00, run_after=2025-03-01T00:00:00+00:00
[2025-02-28T10:12:00.156+0000] {processor.py:179} INFO - Processing /opt/airflow/dags/ingest.py took 0.209 seconds
[2025-02-28T11:39:16.168+0000] {processor.py:157} INFO - Started process (PID=793) to work on /opt/airflow/dags/ingest.py
[2025-02-28T11:39:16.170+0000] {processor.py:829} INFO - Processing file /opt/airflow/dags/ingest.py for tasks to queue
[2025-02-28T11:39:16.178+0000] {logging_mixin.py:151} INFO - [2025-02-28T11:39:16.177+0000] {dagbag.py:539} INFO - Filling up the DagBag from /opt/airflow/dags/ingest.py
[2025-02-28T11:39:16.215+0000] {processor.py:839} INFO - DAG(s) dict_keys(['etl_postgres_to_minio']) retrieved from /opt/airflow/dags/ingest.py
[2025-02-28T11:39:16.279+0000] {logging_mixin.py:151} INFO - [2025-02-28T11:39:16.279+0000] {dag.py:2915} INFO - Sync 1 DAGs
[2025-02-28T11:39:16.345+0000] {logging_mixin.py:151} INFO - [2025-02-28T11:39:16.345+0000] {dag.py:3696} INFO - Setting next_dagrun for etl_postgres_to_minio to 2025-02-28T00:00:00+00:00, run_after=2025-03-01T00:00:00+00:00
[2025-02-28T11:39:16.399+0000] {processor.py:179} INFO - Processing /opt/airflow/dags/ingest.py took 0.247 seconds
[2025-02-28T14:20:54.509+0000] {processor.py:157} INFO - Started process (PID=801) to work on /opt/airflow/dags/ingest.py
[2025-02-28T14:20:54.510+0000] {processor.py:829} INFO - Processing file /opt/airflow/dags/ingest.py for tasks to queue
[2025-02-28T14:20:54.516+0000] {logging_mixin.py:151} INFO - [2025-02-28T14:20:54.515+0000] {dagbag.py:539} INFO - Filling up the DagBag from /opt/airflow/dags/ingest.py
[2025-02-28T14:20:54.554+0000] {processor.py:839} INFO - DAG(s) dict_keys(['etl_postgres_to_minio']) retrieved from /opt/airflow/dags/ingest.py
[2025-02-28T14:20:54.579+0000] {logging_mixin.py:151} INFO - [2025-02-28T14:20:54.579+0000] {dag.py:2915} INFO - Sync 1 DAGs
[2025-02-28T14:20:54.601+0000] {logging_mixin.py:151} INFO - [2025-02-28T14:20:54.601+0000] {dag.py:3696} INFO - Setting next_dagrun for etl_postgres_to_minio to 2025-02-28T00:00:00+00:00, run_after=2025-03-01T00:00:00+00:00
[2025-02-28T14:20:54.805+0000] {processor.py:179} INFO - Processing /opt/airflow/dags/ingest.py took 0.302 seconds
[2025-02-28T15:14:07.043+0000] {processor.py:157} INFO - Started process (PID=809) to work on /opt/airflow/dags/ingest.py
[2025-02-28T15:14:07.048+0000] {processor.py:829} INFO - Processing file /opt/airflow/dags/ingest.py for tasks to queue
[2025-02-28T15:14:07.070+0000] {logging_mixin.py:151} INFO - [2025-02-28T15:14:07.069+0000] {dagbag.py:539} INFO - Filling up the DagBag from /opt/airflow/dags/ingest.py
[2025-02-28T15:14:07.126+0000] {processor.py:839} INFO - DAG(s) dict_keys(['etl_postgres_to_minio']) retrieved from /opt/airflow/dags/ingest.py
[2025-02-28T15:14:07.200+0000] {logging_mixin.py:151} INFO - [2025-02-28T15:14:07.200+0000] {dag.py:2915} INFO - Sync 1 DAGs
[2025-02-28T15:14:07.756+0000] {logging_mixin.py:151} INFO - [2025-02-28T15:14:07.756+0000] {dag.py:3696} INFO - Setting next_dagrun for etl_postgres_to_minio to 2025-02-28T00:00:00+00:00, run_after=2025-03-01T00:00:00+00:00
[2025-02-28T15:14:07.802+0000] {processor.py:179} INFO - Processing /opt/airflow/dags/ingest.py took 0.773 seconds
[2025-02-28T15:14:26.214+0000] {processor.py:157} INFO - Started process (PID=817) to work on /opt/airflow/dags/ingest.py
[2025-02-28T15:14:26.216+0000] {processor.py:829} INFO - Processing file /opt/airflow/dags/ingest.py for tasks to queue
[2025-02-28T15:14:26.221+0000] {logging_mixin.py:151} INFO - [2025-02-28T15:14:26.220+0000] {dagbag.py:539} INFO - Filling up the DagBag from /opt/airflow/dags/ingest.py
[2025-02-28T15:14:26.228+0000] {logging_mixin.py:151} INFO - [2025-02-28T15:14:26.226+0000] {dagbag.py:347} ERROR - Failed to import: /opt/airflow/dags/ingest.py
Traceback (most recent call last):
  File "/home/airflow/.local/lib/python3.11/site-packages/airflow/models/dagbag.py", line 343, in parse
    loader.exec_module(new_module)
  File "<frozen importlib._bootstrap_external>", line 936, in exec_module
  File "<frozen importlib._bootstrap_external>", line 1074, in get_code
  File "<frozen importlib._bootstrap_external>", line 1004, in source_to_code
  File "<frozen importlib._bootstrap>", line 241, in _call_with_frames_removed
  File "/opt/airflow/dags/ingest.py", line 39
    extracted_data = ti.xcom_pull(task_ids=)
                                           ^
SyntaxError: invalid syntax
[2025-02-28T15:14:26.229+0000] {processor.py:841} WARNING - No viable dags retrieved from /opt/airflow/dags/ingest.py
[2025-02-28T15:14:26.257+0000] {processor.py:179} INFO - Processing /opt/airflow/dags/ingest.py took 0.049 seconds
[2025-02-28T15:14:56.564+0000] {processor.py:157} INFO - Started process (PID=825) to work on /opt/airflow/dags/ingest.py
[2025-02-28T15:14:56.565+0000] {processor.py:829} INFO - Processing file /opt/airflow/dags/ingest.py for tasks to queue
[2025-02-28T15:14:56.568+0000] {logging_mixin.py:151} INFO - [2025-02-28T15:14:56.568+0000] {dagbag.py:539} INFO - Filling up the DagBag from /opt/airflow/dags/ingest.py
[2025-02-28T15:14:56.573+0000] {logging_mixin.py:151} INFO - [2025-02-28T15:14:56.572+0000] {dagbag.py:347} ERROR - Failed to import: /opt/airflow/dags/ingest.py
Traceback (most recent call last):
  File "/home/airflow/.local/lib/python3.11/site-packages/airflow/models/dagbag.py", line 343, in parse
    loader.exec_module(new_module)
  File "<frozen importlib._bootstrap_external>", line 936, in exec_module
  File "<frozen importlib._bootstrap_external>", line 1074, in get_code
  File "<frozen importlib._bootstrap_external>", line 1004, in source_to_code
  File "<frozen importlib._bootstrap>", line 241, in _call_with_frames_removed
  File "/opt/airflow/dags/ingest.py", line 39
    extracted_data = ti.xcom_pull(task_ids=)
                                           ^
SyntaxError: invalid syntax
[2025-02-28T15:14:56.573+0000] {processor.py:841} WARNING - No viable dags retrieved from /opt/airflow/dags/ingest.py
[2025-02-28T15:14:56.589+0000] {processor.py:179} INFO - Processing /opt/airflow/dags/ingest.py took 0.028 seconds
[2025-02-28T15:15:26.813+0000] {processor.py:157} INFO - Started process (PID=832) to work on /opt/airflow/dags/ingest.py
[2025-02-28T15:15:26.814+0000] {processor.py:829} INFO - Processing file /opt/airflow/dags/ingest.py for tasks to queue
[2025-02-28T15:15:26.817+0000] {logging_mixin.py:151} INFO - [2025-02-28T15:15:26.817+0000] {dagbag.py:539} INFO - Filling up the DagBag from /opt/airflow/dags/ingest.py
[2025-02-28T15:15:26.823+0000] {logging_mixin.py:151} INFO - [2025-02-28T15:15:26.822+0000] {dagbag.py:347} ERROR - Failed to import: /opt/airflow/dags/ingest.py
Traceback (most recent call last):
  File "/home/airflow/.local/lib/python3.11/site-packages/airflow/models/dagbag.py", line 343, in parse
    loader.exec_module(new_module)
  File "<frozen importlib._bootstrap_external>", line 936, in exec_module
  File "<frozen importlib._bootstrap_external>", line 1074, in get_code
  File "<frozen importlib._bootstrap_external>", line 1004, in source_to_code
  File "<frozen importlib._bootstrap>", line 241, in _call_with_frames_removed
  File "/opt/airflow/dags/ingest.py", line 39
    extracted_data = ti.xcom_pull(task_ids=)
                                           ^
SyntaxError: invalid syntax
[2025-02-28T15:15:26.823+0000] {processor.py:841} WARNING - No viable dags retrieved from /opt/airflow/dags/ingest.py
[2025-02-28T15:15:26.838+0000] {processor.py:179} INFO - Processing /opt/airflow/dags/ingest.py took 0.029 seconds
[2025-02-28T15:15:57.361+0000] {processor.py:157} INFO - Started process (PID=840) to work on /opt/airflow/dags/ingest.py
[2025-02-28T15:15:57.366+0000] {processor.py:829} INFO - Processing file /opt/airflow/dags/ingest.py for tasks to queue
[2025-02-28T15:15:57.427+0000] {logging_mixin.py:151} INFO - [2025-02-28T15:15:57.407+0000] {dagbag.py:539} INFO - Filling up the DagBag from /opt/airflow/dags/ingest.py
[2025-02-28T15:15:57.499+0000] {logging_mixin.py:151} INFO - [2025-02-28T15:15:57.494+0000] {dagbag.py:347} ERROR - Failed to import: /opt/airflow/dags/ingest.py
Traceback (most recent call last):
  File "/home/airflow/.local/lib/python3.11/site-packages/airflow/models/dagbag.py", line 343, in parse
    loader.exec_module(new_module)
  File "<frozen importlib._bootstrap_external>", line 936, in exec_module
  File "<frozen importlib._bootstrap_external>", line 1074, in get_code
  File "<frozen importlib._bootstrap_external>", line 1004, in source_to_code
  File "<frozen importlib._bootstrap>", line 241, in _call_with_frames_removed
  File "/opt/airflow/dags/ingest.py", line 39
    extracted_data = ti.xcom_pull(task_ids=)
                                           ^
SyntaxError: invalid syntax
[2025-02-28T15:15:57.505+0000] {processor.py:841} WARNING - No viable dags retrieved from /opt/airflow/dags/ingest.py
[2025-02-28T15:15:57.681+0000] {processor.py:179} INFO - Processing /opt/airflow/dags/ingest.py took 0.349 seconds
[2025-02-28T15:16:28.216+0000] {processor.py:157} INFO - Started process (PID=848) to work on /opt/airflow/dags/ingest.py
[2025-02-28T15:16:28.218+0000] {processor.py:829} INFO - Processing file /opt/airflow/dags/ingest.py for tasks to queue
[2025-02-28T15:16:28.219+0000] {logging_mixin.py:151} INFO - [2025-02-28T15:16:28.218+0000] {dagbag.py:539} INFO - Filling up the DagBag from /opt/airflow/dags/ingest.py
[2025-02-28T15:16:28.226+0000] {logging_mixin.py:151} INFO - [2025-02-28T15:16:28.224+0000] {dagbag.py:347} ERROR - Failed to import: /opt/airflow/dags/ingest.py
Traceback (most recent call last):
  File "/home/airflow/.local/lib/python3.11/site-packages/airflow/models/dagbag.py", line 343, in parse
    loader.exec_module(new_module)
  File "<frozen importlib._bootstrap_external>", line 936, in exec_module
  File "<frozen importlib._bootstrap_external>", line 1074, in get_code
  File "<frozen importlib._bootstrap_external>", line 1004, in source_to_code
  File "<frozen importlib._bootstrap>", line 241, in _call_with_frames_removed
  File "/opt/airflow/dags/ingest.py", line 39
    extracted_data = ti.xcom_pull(task_ids=)
                                           ^
SyntaxError: invalid syntax
[2025-02-28T15:16:28.226+0000] {processor.py:841} WARNING - No viable dags retrieved from /opt/airflow/dags/ingest.py
[2025-02-28T15:16:28.260+0000] {processor.py:179} INFO - Processing /opt/airflow/dags/ingest.py took 0.051 seconds
[2025-02-28T15:16:58.502+0000] {processor.py:157} INFO - Started process (PID=856) to work on /opt/airflow/dags/ingest.py
[2025-02-28T15:16:58.503+0000] {processor.py:829} INFO - Processing file /opt/airflow/dags/ingest.py for tasks to queue
[2025-02-28T15:16:58.504+0000] {logging_mixin.py:151} INFO - [2025-02-28T15:16:58.503+0000] {dagbag.py:539} INFO - Filling up the DagBag from /opt/airflow/dags/ingest.py
[2025-02-28T15:16:58.508+0000] {logging_mixin.py:151} INFO - [2025-02-28T15:16:58.507+0000] {dagbag.py:347} ERROR - Failed to import: /opt/airflow/dags/ingest.py
Traceback (most recent call last):
  File "/home/airflow/.local/lib/python3.11/site-packages/airflow/models/dagbag.py", line 343, in parse
    loader.exec_module(new_module)
  File "<frozen importlib._bootstrap_external>", line 936, in exec_module
  File "<frozen importlib._bootstrap_external>", line 1074, in get_code
  File "<frozen importlib._bootstrap_external>", line 1004, in source_to_code
  File "<frozen importlib._bootstrap>", line 241, in _call_with_frames_removed
  File "/opt/airflow/dags/ingest.py", line 39
    extracted_data = ti.xcom_pull(task_ids=)
                                           ^
SyntaxError: invalid syntax
[2025-02-28T15:16:58.508+0000] {processor.py:841} WARNING - No viable dags retrieved from /opt/airflow/dags/ingest.py
[2025-02-28T15:16:58.520+0000] {processor.py:179} INFO - Processing /opt/airflow/dags/ingest.py took 0.022 seconds
[2025-02-28T15:17:28.767+0000] {processor.py:157} INFO - Started process (PID=864) to work on /opt/airflow/dags/ingest.py
[2025-02-28T15:17:28.768+0000] {processor.py:829} INFO - Processing file /opt/airflow/dags/ingest.py for tasks to queue
[2025-02-28T15:17:28.769+0000] {logging_mixin.py:151} INFO - [2025-02-28T15:17:28.769+0000] {dagbag.py:539} INFO - Filling up the DagBag from /opt/airflow/dags/ingest.py
[2025-02-28T15:17:28.775+0000] {logging_mixin.py:151} INFO - [2025-02-28T15:17:28.773+0000] {dagbag.py:347} ERROR - Failed to import: /opt/airflow/dags/ingest.py
Traceback (most recent call last):
  File "/home/airflow/.local/lib/python3.11/site-packages/airflow/models/dagbag.py", line 343, in parse
    loader.exec_module(new_module)
  File "<frozen importlib._bootstrap_external>", line 936, in exec_module
  File "<frozen importlib._bootstrap_external>", line 1074, in get_code
  File "<frozen importlib._bootstrap_external>", line 1004, in source_to_code
  File "<frozen importlib._bootstrap>", line 241, in _call_with_frames_removed
  File "/opt/airflow/dags/ingest.py", line 39
    extracted_data = ti.xcom_pull(task_ids=)
                                           ^
SyntaxError: invalid syntax
[2025-02-28T15:17:28.776+0000] {processor.py:841} WARNING - No viable dags retrieved from /opt/airflow/dags/ingest.py
[2025-02-28T15:17:28.796+0000] {processor.py:179} INFO - Processing /opt/airflow/dags/ingest.py took 0.033 seconds
[2025-02-28T15:17:59.029+0000] {processor.py:157} INFO - Started process (PID=872) to work on /opt/airflow/dags/ingest.py
[2025-02-28T15:17:59.030+0000] {processor.py:829} INFO - Processing file /opt/airflow/dags/ingest.py for tasks to queue
[2025-02-28T15:17:59.030+0000] {logging_mixin.py:151} INFO - [2025-02-28T15:17:59.030+0000] {dagbag.py:539} INFO - Filling up the DagBag from /opt/airflow/dags/ingest.py
[2025-02-28T15:17:59.039+0000] {logging_mixin.py:151} INFO - [2025-02-28T15:17:59.034+0000] {dagbag.py:347} ERROR - Failed to import: /opt/airflow/dags/ingest.py
Traceback (most recent call last):
  File "/home/airflow/.local/lib/python3.11/site-packages/airflow/models/dagbag.py", line 343, in parse
    loader.exec_module(new_module)
  File "<frozen importlib._bootstrap_external>", line 936, in exec_module
  File "<frozen importlib._bootstrap_external>", line 1074, in get_code
  File "<frozen importlib._bootstrap_external>", line 1004, in source_to_code
  File "<frozen importlib._bootstrap>", line 241, in _call_with_frames_removed
  File "/opt/airflow/dags/ingest.py", line 39
    extracted_data = ti.xcom_pull(task_ids=)
                                           ^
SyntaxError: invalid syntax
[2025-02-28T15:17:59.040+0000] {processor.py:841} WARNING - No viable dags retrieved from /opt/airflow/dags/ingest.py
[2025-02-28T15:17:59.296+0000] {processor.py:179} INFO - Processing /opt/airflow/dags/ingest.py took 0.269 seconds
[2025-02-28T15:18:29.804+0000] {processor.py:157} INFO - Started process (PID=880) to work on /opt/airflow/dags/ingest.py
[2025-02-28T15:18:29.805+0000] {processor.py:829} INFO - Processing file /opt/airflow/dags/ingest.py for tasks to queue
[2025-02-28T15:18:29.806+0000] {logging_mixin.py:151} INFO - [2025-02-28T15:18:29.805+0000] {dagbag.py:539} INFO - Filling up the DagBag from /opt/airflow/dags/ingest.py
[2025-02-28T15:18:29.810+0000] {logging_mixin.py:151} INFO - [2025-02-28T15:18:29.809+0000] {dagbag.py:347} ERROR - Failed to import: /opt/airflow/dags/ingest.py
Traceback (most recent call last):
  File "/home/airflow/.local/lib/python3.11/site-packages/airflow/models/dagbag.py", line 343, in parse
    loader.exec_module(new_module)
  File "<frozen importlib._bootstrap_external>", line 936, in exec_module
  File "<frozen importlib._bootstrap_external>", line 1074, in get_code
  File "<frozen importlib._bootstrap_external>", line 1004, in source_to_code
  File "<frozen importlib._bootstrap>", line 241, in _call_with_frames_removed
  File "/opt/airflow/dags/ingest.py", line 39
    extracted_data = ti.xcom_pull(task_ids=)
                                           ^
SyntaxError: invalid syntax
[2025-02-28T15:18:29.811+0000] {processor.py:841} WARNING - No viable dags retrieved from /opt/airflow/dags/ingest.py
[2025-02-28T15:18:29.825+0000] {processor.py:179} INFO - Processing /opt/airflow/dags/ingest.py took 0.025 seconds
[2025-02-28T15:19:00.067+0000] {processor.py:157} INFO - Started process (PID=888) to work on /opt/airflow/dags/ingest.py
[2025-02-28T15:19:00.068+0000] {processor.py:829} INFO - Processing file /opt/airflow/dags/ingest.py for tasks to queue
[2025-02-28T15:19:00.068+0000] {logging_mixin.py:151} INFO - [2025-02-28T15:19:00.068+0000] {dagbag.py:539} INFO - Filling up the DagBag from /opt/airflow/dags/ingest.py
[2025-02-28T15:19:00.075+0000] {logging_mixin.py:151} INFO - [2025-02-28T15:19:00.073+0000] {dagbag.py:347} ERROR - Failed to import: /opt/airflow/dags/ingest.py
Traceback (most recent call last):
  File "/home/airflow/.local/lib/python3.11/site-packages/airflow/models/dagbag.py", line 343, in parse
    loader.exec_module(new_module)
  File "<frozen importlib._bootstrap_external>", line 936, in exec_module
  File "<frozen importlib._bootstrap_external>", line 1074, in get_code
  File "<frozen importlib._bootstrap_external>", line 1004, in source_to_code
  File "<frozen importlib._bootstrap>", line 241, in _call_with_frames_removed
  File "/opt/airflow/dags/ingest.py", line 39
    extracted_data = ti.xcom_pull(task_ids=)
                                           ^
SyntaxError: invalid syntax
[2025-02-28T15:19:00.076+0000] {processor.py:841} WARNING - No viable dags retrieved from /opt/airflow/dags/ingest.py
[2025-02-28T15:19:00.092+0000] {processor.py:179} INFO - Processing /opt/airflow/dags/ingest.py took 0.027 seconds
[2025-02-28T15:19:30.330+0000] {processor.py:157} INFO - Started process (PID=896) to work on /opt/airflow/dags/ingest.py
[2025-02-28T15:19:30.331+0000] {processor.py:829} INFO - Processing file /opt/airflow/dags/ingest.py for tasks to queue
[2025-02-28T15:19:30.331+0000] {logging_mixin.py:151} INFO - [2025-02-28T15:19:30.331+0000] {dagbag.py:539} INFO - Filling up the DagBag from /opt/airflow/dags/ingest.py
[2025-02-28T15:19:30.336+0000] {logging_mixin.py:151} INFO - [2025-02-28T15:19:30.335+0000] {dagbag.py:347} ERROR - Failed to import: /opt/airflow/dags/ingest.py
Traceback (most recent call last):
  File "/home/airflow/.local/lib/python3.11/site-packages/airflow/models/dagbag.py", line 343, in parse
    loader.exec_module(new_module)
  File "<frozen importlib._bootstrap_external>", line 936, in exec_module
  File "<frozen importlib._bootstrap_external>", line 1074, in get_code
  File "<frozen importlib._bootstrap_external>", line 1004, in source_to_code
  File "<frozen importlib._bootstrap>", line 241, in _call_with_frames_removed
  File "/opt/airflow/dags/ingest.py", line 39
    extracted_data = ti.xcom_pull(task_ids=)
                                           ^
SyntaxError: invalid syntax
[2025-02-28T15:19:30.337+0000] {processor.py:841} WARNING - No viable dags retrieved from /opt/airflow/dags/ingest.py
[2025-02-28T15:19:30.350+0000] {processor.py:179} INFO - Processing /opt/airflow/dags/ingest.py took 0.023 seconds
[2025-02-28T15:20:00.901+0000] {processor.py:157} INFO - Started process (PID=903) to work on /opt/airflow/dags/ingest.py
[2025-02-28T15:20:00.903+0000] {processor.py:829} INFO - Processing file /opt/airflow/dags/ingest.py for tasks to queue
[2025-02-28T15:20:00.906+0000] {logging_mixin.py:151} INFO - [2025-02-28T15:20:00.905+0000] {dagbag.py:539} INFO - Filling up the DagBag from /opt/airflow/dags/ingest.py
[2025-02-28T15:20:00.938+0000] {logging_mixin.py:151} INFO - [2025-02-28T15:20:00.934+0000] {dagbag.py:347} ERROR - Failed to import: /opt/airflow/dags/ingest.py
Traceback (most recent call last):
  File "/home/airflow/.local/lib/python3.11/site-packages/airflow/models/dagbag.py", line 343, in parse
    loader.exec_module(new_module)
  File "<frozen importlib._bootstrap_external>", line 936, in exec_module
  File "<frozen importlib._bootstrap_external>", line 1074, in get_code
  File "<frozen importlib._bootstrap_external>", line 1004, in source_to_code
  File "<frozen importlib._bootstrap>", line 241, in _call_with_frames_removed
  File "/opt/airflow/dags/ingest.py", line 39
    extracted_data = ti.xcom_pull(task_ids=)
                                           ^
SyntaxError: invalid syntax
[2025-02-28T15:20:00.939+0000] {processor.py:841} WARNING - No viable dags retrieved from /opt/airflow/dags/ingest.py
[2025-02-28T15:20:00.994+0000] {processor.py:179} INFO - Processing /opt/airflow/dags/ingest.py took 0.107 seconds
